2025-07-16 22:54:17.575 | INFO     | __init__                       | ================================================================================
2025-07-16 22:54:17.575 | INFO     | __init__                       | TE-AI RUN INITIALIZED: 20250716_225417
2025-07-16 22:54:17.575 | INFO     | __init__                       | Log file: logs\te_ai_run_20250716_225417.log
2025-07-16 22:54:17.575 | INFO     | __init__                       | Max file size: 50.0 MB
2025-07-16 22:54:17.575 | INFO     | __init__                       | Backup files: 10
2025-07-16 22:54:17.576 | INFO     | __init__                       | ================================================================================
2025-07-16 22:54:17.576 | INFO     | _log_system_info               | SYSTEM INFORMATION:
2025-07-16 22:54:17.576 | INFO     | _log_system_info               |   Python version: 3.10.10 (tags/v3.10.10:aad5f6a, Feb  7 2023, 17:20:36) [MSC v.1929 64 bit (AMD64)]
2025-07-16 22:54:17.576 | INFO     | _log_system_info               |   PyTorch version: 2.7.1+cpu
2025-07-16 22:54:17.576 | INFO     | _log_system_info               |   CUDA available: False
2025-07-16 22:54:17.577 | INFO     | _log_system_info               | --------------------------------------------------------------------------------
2025-07-16 22:54:17.577 | INFO     | info                           | Starting TE-AI Benchmark Suite
2025-07-16 22:54:17.578 | INFO     | info                           | ============================================================
2025-07-16 22:54:17.578 | INFO     | info                           | Loading BBBP dataset...
2025-07-16 22:54:17.628 | INFO     | info                           | Loaded 2050 samples with 2048 features
2025-07-16 22:54:19.031 | INFO     | info                           | 
============================================================
2025-07-16 22:54:19.031 | INFO     | info                           | Running benchmark: BBBP
2025-07-16 22:54:19.031 | INFO     | info                           | ============================================================
2025-07-16 22:54:19.046 | INFO     | info                           | Train samples: 1640, Test samples: 410
2025-07-16 22:54:19.483 | INFO     | info                           | 
🧬 Initializing production population with 64 cells...
2025-07-16 22:54:19.483 | INFO     | info                           |    Creating 12 dedicated stem cells...
2025-07-16 22:54:19.833 | INFO     | info                           |    Creating 52 mixed-type cells...
2025-07-16 22:54:19.897 | INFO     | info                           |    ✨✨ A Quantum Gene has emerged!  ✨✨
2025-07-16 22:54:19.927 | INFO     | info                           |    ✨✨ A Quantum Gene has emerged!  ✨✨
2025-07-16 22:54:20.262 | INFO     | info                           |    ✨✨ A Quantum Gene has emerged!  ✨✨
2025-07-16 22:54:20.466 | INFO     | info                           |    ✨✨ A Quantum Gene has emerged!  ✨✨
2025-07-16 22:54:20.515 | INFO     | info                           |    ✨✨ A Quantum Gene has emerged!  ✨✨
2025-07-16 22:54:20.547 | INFO     | info                           |    ✨✨ A Quantum Gene has emerged!  ✨✨
2025-07-16 22:54:20.576 | INFO     | info                           |    ✨✨ A Quantum Gene has emerged!  ✨✨
2025-07-16 22:54:20.661 | INFO     | info                           |    ✨✨ A Quantum Gene has emerged!  ✨✨
2025-07-16 22:54:21.071 | INFO     | info                           |    Created 50/52 mixed cells...
2025-07-16 22:54:21.112 | INFO     | info                           | ✅✅  Population initialized with 64 cells (12 stem cells + 52 mixed)  ✅✅ 
2025-07-16 22:54:21.121 | INFO     | info                           | Adding specialized drug discovery genes to population...
2025-07-16 22:54:21.128 | INFO     | info                           | Added BindingPocketGene to cell 0cec0bda-a066-498d-828f-c1bdb13a72c0
2025-07-16 22:54:21.128 | INFO     | info                           | Added PharmacophoreGene to cell 2800cc4b-f0bd-4b07-8ab0-c66d449ff89c
2025-07-16 22:54:21.159 | INFO     | info                           | Added AllostericGene to cell c9e14f1f-1294-4ace-be65-49566a883e1d
2025-07-16 22:54:21.159 | INFO     | info                           | Added BindingPocketGene to cell 8f367198-922d-4c6b-85ec-c48a9d53fbdf
2025-07-16 22:54:21.175 | INFO     | info                           | Added PharmacophoreGene to cell e4214a51-bc87-448f-8591-058035a91509
2025-07-16 22:54:21.175 | INFO     | info                           | Added AllostericGene to cell b47bb593-32b1-474f-9748-85c0c553b363
2025-07-16 22:54:21.175 | INFO     | info                           | Added BindingPocketGene to cell 0fd1682d-8023-42d2-b142-591e3b819ade
2025-07-16 22:54:21.175 | INFO     | info                           | Added PharmacophoreGene to cell c7afe587-31c4-4497-bdd4-697205444ea6
2025-07-16 22:54:21.175 | INFO     | info                           | Added AllostericGene to cell 91420a5c-353a-40a4-88c2-0336b2c48d83
2025-07-16 22:54:21.175 | INFO     | info                           | Added BindingPocketGene to cell 4f72b199-831f-4479-a228-bf5227bad5d8
2025-07-16 22:54:21.175 | INFO     | info                           | Added PharmacophoreGene to cell 89faa523-30bc-4bc0-b257-76265f0ed4fa
2025-07-16 22:54:21.191 | INFO     | info                           | Added AllostericGene to cell 591a3f97-892a-4666-869a-d5ee96663710
2025-07-16 22:54:21.191 | INFO     | info                           | Added BindingPocketGene to cell d2355901-5967-42b3-9d9e-ce7bd93d6c6f
2025-07-16 22:54:21.191 | INFO     | info                           | Added PharmacophoreGene to cell 7f271452-0bef-4c29-b66e-4431e46e1a80
2025-07-16 22:54:21.197 | INFO     | info                           | Added AllostericGene to cell 99adf084-ee51-4474-9d95-007c5d2a8678
2025-07-16 22:54:21.197 | INFO     | info                           | Added BindingPocketGene to cell b583e64a-6989-4894-b3fb-e3a826eaef69
2025-07-16 22:54:21.197 | INFO     | info                           | Added PharmacophoreGene to cell f3ac5b04-9ff3-4652-b5d8-5e107d5de48f
2025-07-16 22:54:21.197 | INFO     | info                           | Added AllostericGene to cell 1a8f6228-af82-4600-a873-3a6b3949f863
2025-07-16 22:54:21.197 | INFO     | info                           | Added BindingPocketGene to cell 58c8d3c2-0e36-4dc7-b146-ca85f42757d7
2025-07-16 22:54:21.197 | INFO     | info                           | 
Training Simple Neural Network...
2025-07-16 22:54:21.218 | INFO     | info                           | Epoch 0/50, Loss: 0.7002
2025-07-16 22:54:21.276 | INFO     | info                           | Epoch 10/50, Loss: 0.5154
2025-07-16 22:54:21.339 | INFO     | info                           | Epoch 20/50, Loss: 0.1524
2025-07-16 22:54:21.402 | INFO     | info                           | Epoch 30/50, Loss: 0.0136
2025-07-16 22:54:21.465 | INFO     | info                           | Epoch 40/50, Loss: 0.0018
2025-07-16 22:54:21.527 | INFO     | info                           | Results for Simple Neural Network:
2025-07-16 22:54:21.527 | INFO     | info                           |   accuracy: 0.5171
2025-07-16 22:54:21.527 | INFO     | info                           |   f1_score: 0.5330
2025-07-16 22:54:21.527 | INFO     | info                           |   roc_auc: 0.5180
2025-07-16 22:54:21.527 | INFO     | info                           |   Training time: 0.33s
2025-07-16 22:54:21.527 | INFO     | info                           |   Inference time: 0.0000s
2025-07-16 22:54:21.527 | INFO     | info                           | 
Training Random Forest...
2025-07-16 22:54:25.143 | INFO     | info                           | Results for Random Forest:
2025-07-16 22:54:25.143 | INFO     | info                           |   accuracy: 0.5049
2025-07-16 22:54:25.143 | INFO     | info                           |   f1_score: 0.5519
2025-07-16 22:54:25.143 | INFO     | info                           |   roc_auc: 0.5061
2025-07-16 22:54:25.143 | INFO     | info                           |   Training time: 3.60s
2025-07-16 22:54:25.143 | INFO     | info                           |   Inference time: 0.0000s
2025-07-16 22:54:25.143 | INFO     | info                           | 
Training TE-AI...
2025-07-16 22:54:25.161 | INFO     | info                           | Starting TE-AI evolution...
2025-07-16 22:54:25.238 | INFO     | info                           | write_visualization_state completed successfully
2025-07-16 22:54:25.238 | INFO     | info                           | 
================================================================================
2025-07-16 22:54:25.238 | INFO     | info                           | GENERATION 1
2025-07-16 22:54:25.238 | INFO     | info                           | ================================================================================
2025-07-16 22:54:25.238 | INFO     | info                           | 
📊 Phase 1: Fitness Evaluation (Optimized)
2025-07-16 22:55:36.379 | INFO     | info                           | 
📈 Phase 2: Metrics and Stress Detection
2025-07-16 22:55:36.394 | INFO     | info                           |    [1m📊 Metrics:[0m [36m💪 Fitness: 0.877 ± 0.001[0m, [35m🌿 Diversity: 4.909[0m, [33m🧬 Genes: 176[0m
2025-07-16 22:55:36.394 | INFO     | info                           |    [1m🌱 Stem Genes:[0m Count: 6, Differentiations: 0, Avg Commitment: 0.000
2025-07-16 22:55:36.394 | INFO     | info                           |    Stress factors: stagnation=N/A, diversity=0.00, variance=0.00, phase=0.00
2025-07-16 22:55:36.394 | INFO     | info                           |    Combined amplified stress: 0.001
2025-07-16 22:55:36.394 | INFO     | info                           |    Current stress level: 0.001
2025-07-16 22:55:36.394 | INFO     | info                           | 
🔍🔍  Phase 3: Phase Transition Analysis  🔍🔍
2025-07-16 22:55:36.394 | INFO     | info                           | 
🧬🧬 Phase 5: Selection and Reproduction (Optimized) 🧬🧬
2025-07-16 22:55:36.394 | INFO     | info                           |    Selection complete: 38 survivors, 26 to be replaced.
2025-07-16 22:55:36.957 | INFO     | info                           |    Replaced 26 cells with optimized cloning.
2025-07-16 22:55:37.878 | INFO     | info                           |    New population size: 96
2025-07-16 22:55:37.878 | INFO     | info                           |    - Parallel batch cache cleared.
2025-07-16 22:55:37.878 | INFO     | info                           | 
⏱️  Generation 1 completed in 72.72s. Population: 96
2025-07-16 22:55:38.019 | INFO     | info                           | write_visualization_state completed successfully
2025-07-16 22:55:38.019 | INFO     | info                           | 
================================================================================
2025-07-16 22:55:38.019 | INFO     | info                           | GENERATION 2
2025-07-16 22:55:38.019 | INFO     | info                           | ================================================================================
2025-07-16 22:55:38.019 | INFO     | info                           | 
📊 Phase 1: Fitness Evaluation (Optimized)
