2025-07-16 20:33:40.276 | INFO     | __init__                       | ================================================================================
2025-07-16 20:33:40.276 | INFO     | __init__                       | TE-AI RUN INITIALIZED: 20250716_203340
2025-07-16 20:33:40.276 | INFO     | __init__                       | Log file: logs/te_ai_run_20250716_203340.log
2025-07-16 20:33:40.276 | INFO     | __init__                       | Max file size: 50.0 MB
2025-07-16 20:33:40.276 | INFO     | __init__                       | Backup files: 10
2025-07-16 20:33:40.276 | INFO     | __init__                       | ================================================================================
2025-07-16 20:33:40.276 | INFO     | _log_system_info               | SYSTEM INFORMATION:
2025-07-16 20:33:40.276 | INFO     | _log_system_info               |   Python version: 3.9.0 (default, Nov 15 2020, 14:28:56) 
[GCC 7.3.0]
2025-07-16 20:33:40.276 | INFO     | _log_system_info               |   PyTorch version: 2.5.1+cu121
2025-07-16 20:33:40.276 | INFO     | _log_system_info               |   CUDA available: True
2025-07-16 20:33:40.286 | INFO     | _log_system_info               |   CUDA device: NVIDIA GeForce RTX 3090
2025-07-16 20:33:40.286 | INFO     | _log_system_info               |   CUDA memory: 25.44 GB
2025-07-16 20:33:40.286 | INFO     | _log_system_info               | --------------------------------------------------------------------------------
2025-07-16 20:33:40.848 | WARNING  | warning                        | No metadata file found, using defaults
2025-07-16 20:33:40.848 | INFO     | info                           | Loading TCGA samples from /home/weslinux/te_ai/maia_tcga_pancan
2025-07-16 20:33:40.848 | INFO     | info                           | Loading sample 1/10
2025-07-16 20:33:40.863 | INFO     | info                           | Loaded 10 samples
2025-07-16 20:33:40.863 | INFO     | info                           | Identifying drug targets from TCGA data
2025-07-16 20:33:40.889 | INFO     | info                           | Found 3 cancer types: ['OV', 'LUSC', 'BRCA']
2025-07-16 20:33:40.898 | INFO     | info                           | Identified 20 drug targets
2025-07-16 20:33:40.898 | INFO     | info                           | Top 10 targets: ['MUT_134', 'MUT_579', 'MUT_735', 'MUT_1522', 'MUT_1902', 'MUT_2142', 'MUT_3219', 'MUT_3331', 'MUT_4793', 'MUT_5487']
2025-07-16 20:33:40.900 | INFO     | info                           | Converting 20 targets to antigens
2025-07-16 20:33:40.939 | INFO     | info                           | Successfully created 20 antigens
2025-07-16 20:33:40.999 | INFO     | info                           | 
🧬 Initializing production population with 64 cells...
2025-07-16 20:33:40.999 | INFO     | info                           |    Creating 12 dedicated stem cells...
2025-07-16 20:33:41.367 | INFO     | info                           |    Creating 52 mixed-type cells...
2025-07-16 20:33:41.444 | INFO     | info                           |    ✨✨ A Quantum Gene has emerged!  ✨✨
2025-07-16 20:33:41.471 | INFO     | info                           |    ✨✨ A Quantum Gene has emerged!  ✨✨
2025-07-16 20:33:41.845 | INFO     | info                           |    ✨✨ A Quantum Gene has emerged!  ✨✨
2025-07-16 20:33:42.070 | INFO     | info                           |    ✨✨ A Quantum Gene has emerged!  ✨✨
2025-07-16 20:33:42.123 | INFO     | info                           |    ✨✨ A Quantum Gene has emerged!  ✨✨
2025-07-16 20:33:42.151 | INFO     | info                           |    ✨✨ A Quantum Gene has emerged!  ✨✨
2025-07-16 20:33:42.179 | INFO     | info                           |    ✨✨ A Quantum Gene has emerged!  ✨✨
2025-07-16 20:33:42.286 | INFO     | info                           |    ✨✨ A Quantum Gene has emerged!  ✨✨
2025-07-16 20:33:42.712 | INFO     | info                           |    Created 50/52 mixed cells...
2025-07-16 20:33:42.762 | INFO     | info                           | ✅✅  Population initialized with 64 cells (12 stem cells + 52 mixed)  ✅✅ 
2025-07-16 20:33:42.769 | INFO     | info                           | Adding specialized drug discovery genes to population...
2025-07-16 20:33:42.770 | INFO     | info                           | Added BindingPocketGene to cell c7ce0319-bb7e-4ca7-9ba6-ee606dd178fe
2025-07-16 20:33:42.772 | INFO     | info                           | Added PharmacophoreGene to cell 74b38874-02f8-4a4e-962f-d5f189beaf0a
2025-07-16 20:33:42.793 | INFO     | info                           | Added AllostericGene to cell eb0ac9fa-a2c4-486a-830c-9a5959b7e7b8
2025-07-16 20:33:42.795 | INFO     | info                           | Added BindingPocketGene to cell ed621ccd-0876-424f-96c7-4e398db5dd7b
2025-07-16 20:33:42.796 | INFO     | info                           | Added PharmacophoreGene to cell feb9825e-987b-4a2d-b2d3-ea58c90a52a1
2025-07-16 20:33:42.799 | INFO     | info                           | Added AllostericGene to cell b4c980f7-95e8-4cf1-8093-da14985d3fb1
2025-07-16 20:33:42.800 | INFO     | info                           | Added BindingPocketGene to cell 56673939-d6f2-40ce-8d43-803d833f0af9
2025-07-16 20:33:42.801 | INFO     | info                           | Added PharmacophoreGene to cell c074b473-3e15-4df9-8ce4-44ffb5a7af7d
2025-07-16 20:33:42.804 | INFO     | info                           | Added AllostericGene to cell 2d607d54-c63d-45a6-9dbc-3f7421f35f97
2025-07-16 20:33:42.805 | INFO     | info                           | Added BindingPocketGene to cell 9cd65ea5-4bc6-4304-8387-a3d08be09515
2025-07-16 20:33:42.807 | INFO     | info                           | Added PharmacophoreGene to cell da358aac-4f73-46b8-a027-4e87fad6ae9b
2025-07-16 20:33:42.810 | INFO     | info                           | Added AllostericGene to cell 70b3d93b-a916-4d8d-8d32-605eb21d5240
2025-07-16 20:33:42.811 | INFO     | info                           | Added BindingPocketGene to cell 787d1b38-609c-4453-8f71-de1bcc429e11
2025-07-16 20:33:42.813 | INFO     | info                           | Added PharmacophoreGene to cell ef7b4396-363f-43ca-8d5a-a8f581dd9e16
2025-07-16 20:33:42.815 | INFO     | info                           | Added AllostericGene to cell 34f4bc5b-8924-4a3b-9651-cb02114030d7
2025-07-16 20:33:42.816 | INFO     | info                           | Added BindingPocketGene to cell 8fb13b66-c8ee-462d-9b36-1fc20a9ab697
2025-07-16 20:33:42.818 | INFO     | info                           | Added PharmacophoreGene to cell 87685068-bb72-43a2-90dc-23c2c32420fa
2025-07-16 20:33:42.821 | INFO     | info                           | Added AllostericGene to cell c395f0fa-fc09-461c-9e53-37402a7aa62e
2025-07-16 20:33:42.822 | INFO     | info                           | Added BindingPocketGene to cell 7cbe6b07-e74c-48d7-b41c-87ebc37e84ff
2025-07-16 20:33:47.925 | INFO     | info                           | write_visualization_state completed successfully
2025-07-16 20:33:47.925 | INFO     | info                           | 
================================================================================
2025-07-16 20:33:47.925 | INFO     | info                           | GENERATION 1
2025-07-16 20:33:47.925 | INFO     | info                           | ================================================================================
2025-07-16 20:33:47.926 | INFO     | info                           | 
📊 Phase 1: Fitness Evaluation (Optimized)
