2025-07-17 08:57:55.777 | INFO     | __init__                       | ================================================================================
2025-07-17 08:57:55.777 | INFO     | __init__                       | TE-AI RUN INITIALIZED: 20250717_085755
2025-07-17 08:57:55.777 | INFO     | __init__                       | Log file: logs/te_ai_run_20250717_085755.log
2025-07-17 08:57:55.777 | INFO     | __init__                       | Max file size: 50.0 MB
2025-07-17 08:57:55.777 | INFO     | __init__                       | Backup files: 10
2025-07-17 08:57:55.777 | INFO     | __init__                       | ================================================================================
2025-07-17 08:57:55.777 | INFO     | _log_system_info               | SYSTEM INFORMATION:
2025-07-17 08:57:55.777 | INFO     | _log_system_info               |   Python version: 3.9.0 (default, Nov 15 2020, 14:28:56) 
[GCC 7.3.0]
2025-07-17 08:57:55.777 | INFO     | _log_system_info               |   PyTorch version: 2.5.1+cu121
2025-07-17 08:57:55.777 | INFO     | _log_system_info               |   CUDA available: True
2025-07-17 08:57:55.788 | INFO     | _log_system_info               |   CUDA device: NVIDIA GeForce RTX 3090
2025-07-17 08:57:55.788 | INFO     | _log_system_info               |   CUDA memory: 25.44 GB
2025-07-17 08:57:55.788 | INFO     | _log_system_info               | --------------------------------------------------------------------------------
2025-07-17 08:57:55.788 | INFO     | info                           | Starting TE-AI Benchmark Suite
2025-07-17 08:57:55.788 | INFO     | info                           | ============================================================
2025-07-17 08:57:55.788 | INFO     | info                           | Loading BBBP dataset from DeepChem...
2025-07-17 08:57:57.000 | INFO     | info                           | Loading bbbp from MoleculeNet...
2025-07-17 08:57:57.006 | INFO     | info                           | Converting 1631 molecules from DeepChem
2025-07-17 08:58:02.482 | INFO     | info                           | Successfully converted 1631 molecules
2025-07-17 08:58:02.482 | INFO     | info                           | Converting 204 molecules from DeepChem
2025-07-17 08:58:02.745 | INFO     | info                           | Successfully converted 204 molecules
2025-07-17 08:58:02.745 | INFO     | info                           | Converting 204 molecules from DeepChem
2025-07-17 08:58:02.994 | INFO     | info                           | Successfully converted 204 molecules
2025-07-17 08:58:02.994 | INFO     | info                           | Converted bbbp:
2025-07-17 08:58:02.994 | INFO     | info                           |   Train: 1631 antigens
2025-07-17 08:58:02.994 | INFO     | info                           |   Valid: 204 antigens
2025-07-17 08:58:02.994 | INFO     | info                           |   Test: 204 antigens
2025-07-17 08:58:03.006 | INFO     | info                           | Loaded BBBP:
2025-07-17 08:58:03.007 | INFO     | info                           |   Train: 1631 samples
2025-07-17 08:58:03.007 | INFO     | info                           |   Valid: 204 samples
2025-07-17 08:58:03.007 | INFO     | info                           |   Test: 204 samples
2025-07-17 08:58:03.007 | INFO     | info                           |   Tasks: ['p_np']
2025-07-17 08:58:03.021 | INFO     | info                           | 
============================================================
2025-07-17 08:58:03.021 | INFO     | info                           | Running benchmark: BBBP
2025-07-17 08:58:03.021 | INFO     | info                           | ============================================================
2025-07-17 08:58:03.023 | INFO     | info                           | Train samples: 1835, Test samples: 204
2025-07-17 08:58:03.081 | INFO     | info                           | 
🧬 Initializing production population with 64 cells...
2025-07-17 08:58:03.081 | INFO     | info                           |    Creating 12 dedicated stem cells...
2025-07-17 08:58:03.466 | INFO     | info                           |    Creating 52 mixed-type cells...
2025-07-17 08:58:03.542 | INFO     | info                           |    ✨✨ A Quantum Gene has emerged!  ✨✨
2025-07-17 08:58:03.570 | INFO     | info                           |    ✨✨ A Quantum Gene has emerged!  ✨✨
2025-07-17 08:58:03.953 | INFO     | info                           |    ✨✨ A Quantum Gene has emerged!  ✨✨
2025-07-17 08:58:04.181 | INFO     | info                           |    ✨✨ A Quantum Gene has emerged!  ✨✨
2025-07-17 08:58:04.236 | INFO     | info                           |    ✨✨ A Quantum Gene has emerged!  ✨✨
2025-07-17 08:58:04.264 | INFO     | info                           |    ✨✨ A Quantum Gene has emerged!  ✨✨
2025-07-17 08:58:04.292 | INFO     | info                           |    ✨✨ A Quantum Gene has emerged!  ✨✨
2025-07-17 08:58:04.396 | INFO     | info                           |    ✨✨ A Quantum Gene has emerged!  ✨✨
2025-07-17 08:58:04.750 | INFO     | info                           |    Created 50/52 mixed cells...
2025-07-17 08:58:04.802 | INFO     | info                           | ✅✅  Population initialized with 64 cells (12 stem cells + 52 mixed)  ✅✅ 
2025-07-17 08:58:04.905 | INFO     | info                           | Adding specialized drug discovery genes to population...
2025-07-17 08:58:04.906 | INFO     | info                           | Added BindingPocketGene to cell f8b13334-cbaf-494c-a2e5-3c249bfc9288
2025-07-17 08:58:04.909 | INFO     | info                           | Added PharmacophoreGene to cell 05b5bb78-203b-46cc-9567-982dd21d891e
2025-07-17 08:58:04.931 | INFO     | info                           | Added AllostericGene to cell 6ad574e0-0532-486d-b96c-54b61d70649d
2025-07-17 08:58:04.932 | INFO     | info                           | Added BindingPocketGene to cell 30a7c92e-45b7-4b5b-922b-0f22b1072774
2025-07-17 08:58:04.934 | INFO     | info                           | Added PharmacophoreGene to cell d567cd18-7e3b-43cd-8ba9-b616f98949c7
2025-07-17 08:58:04.937 | INFO     | info                           | Added AllostericGene to cell 6e02e13f-9773-4a80-9592-1a4870fe8b56
2025-07-17 08:58:04.939 | INFO     | info                           | Added BindingPocketGene to cell 2e75c418-2dc8-4250-955c-e9fcefcf0573
2025-07-17 08:58:04.942 | INFO     | info                           | Added PharmacophoreGene to cell 2360d894-869d-4891-9498-e03e6af0d26f
2025-07-17 08:58:04.945 | INFO     | info                           | Added AllostericGene to cell f86f1693-fa01-48de-a159-e650ce7b9cfc
2025-07-17 08:58:04.946 | INFO     | info                           | Added BindingPocketGene to cell 642fc173-5f61-4d15-bad8-6a76217ed3fe
2025-07-17 08:58:04.948 | INFO     | info                           | Added PharmacophoreGene to cell 94194c95-b36a-4408-987a-560b00a2854d
2025-07-17 08:58:04.952 | INFO     | info                           | Added AllostericGene to cell 8f83e47e-ff42-4b07-9ec5-9e2204d061e7
2025-07-17 08:58:04.953 | INFO     | info                           | Added BindingPocketGene to cell 9548782a-4704-4e49-84b6-9e6fbe4cb5a3
2025-07-17 08:58:04.954 | INFO     | info                           | Added PharmacophoreGene to cell 44e218e1-98b4-4805-b990-9afd3a16e1ae
2025-07-17 08:58:04.959 | INFO     | info                           | Added AllostericGene to cell 4f6ced7b-b2ba-4db4-b326-2d95a3e6b395
2025-07-17 08:58:04.960 | INFO     | info                           | Added BindingPocketGene to cell d42728d0-ca94-4e1f-a5df-fb653fdb9522
2025-07-17 08:58:04.962 | INFO     | info                           | Added PharmacophoreGene to cell 5545b64d-ab2e-4d9d-ac1b-eeb0b5bf5e32
2025-07-17 08:58:04.965 | INFO     | info                           | Added AllostericGene to cell ebd4fe28-b929-45f3-b5e4-8bb148e37845
2025-07-17 08:58:04.967 | INFO     | info                           | Added BindingPocketGene to cell 3cd2f004-8201-4930-8de0-03799330810f
2025-07-17 08:58:04.967 | WARNING  | warning                        | Could not import DeepChem baselines
2025-07-17 08:58:04.967 | INFO     | info                           | 
Training Simple Neural Network...
2025-07-17 08:58:04.974 | INFO     | info                           | Epoch 0/50, Loss: 0.6717
2025-07-17 08:58:05.009 | INFO     | info                           | Epoch 10/50, Loss: 0.4918
2025-07-17 08:58:05.042 | INFO     | info                           | Epoch 20/50, Loss: 0.3325
2025-07-17 08:58:05.076 | INFO     | info                           | Epoch 30/50, Loss: 0.2070
2025-07-17 08:58:05.110 | INFO     | info                           | Epoch 40/50, Loss: 0.1323
2025-07-17 08:58:05.143 | INFO     | info                           | Results for Simple Neural Network:
2025-07-17 08:58:05.143 | INFO     | info                           |   accuracy: 0.5931
2025-07-17 08:58:05.143 | INFO     | info                           |   f1_score: 0.6868
2025-07-17 08:58:05.143 | INFO     | info                           |   roc_auc: 0.6519
2025-07-17 08:58:05.143 | INFO     | info                           |   Training time: 0.17s
2025-07-17 08:58:05.143 | INFO     | info                           |   Inference time: 0.0004s
2025-07-17 08:58:05.143 | INFO     | info                           | 
Training Random Forest...
2025-07-17 08:58:05.480 | INFO     | info                           | Results for Random Forest:
2025-07-17 08:58:05.480 | INFO     | info                           |   accuracy: 0.5686
2025-07-17 08:58:05.480 | INFO     | info                           |   f1_score: 0.6923
2025-07-17 08:58:05.480 | INFO     | info                           |   roc_auc: 0.7403
2025-07-17 08:58:05.481 | INFO     | info                           |   Training time: 0.33s
2025-07-17 08:58:05.481 | INFO     | info                           |   Inference time: 0.0047s
2025-07-17 08:58:05.481 | INFO     | info                           | 
Training TE-AI...
2025-07-17 08:58:05.481 | INFO     | info                           | Using 1835 real drug target antigens
2025-07-17 08:58:05.712 | INFO     | info                           | Starting TE-AI evolution...
2025-07-17 08:58:05.810 | INFO     | info                           | write_visualization_state completed successfully
2025-07-17 08:58:05.810 | INFO     | info                           | 
================================================================================
2025-07-17 08:58:05.810 | INFO     | info                           | GENERATION 1
2025-07-17 08:58:05.810 | INFO     | info                           | ================================================================================
2025-07-17 08:58:05.811 | INFO     | info                           | 
📊 Phase 1: Fitness Evaluation (Optimized)
2025-07-17 08:58:19.089 | INFO     | info                           | 
📈 Phase 2: Metrics and Stress Detection
2025-07-17 08:58:19.100 | INFO     | info                           |    [1m📊 Metrics:[0m [36m💪 Fitness: 0.878 ± 0.001[0m, [35m🌿 Diversity: 4.909[0m, [33m🧬 Genes: 176[0m
2025-07-17 08:58:19.100 | INFO     | info                           |    [1m🌱 Stem Genes:[0m Count: 6, Differentiations: 0, Avg Commitment: 0.000
2025-07-17 08:58:19.100 | INFO     | info                           |    Stress factors: stagnation=N/A, diversity=0.00, variance=0.00, phase=0.00
2025-07-17 08:58:19.100 | INFO     | info                           |    Combined amplified stress: 0.001
2025-07-17 08:58:19.100 | INFO     | info                           |    Current stress level: 0.001
2025-07-17 08:58:19.100 | INFO     | info                           | 
🔍🔍  Phase 3: Phase Transition Analysis  🔍🔍
2025-07-17 08:58:19.101 | INFO     | info                           | 
🧬🧬 Phase 5: Selection and Reproduction (Optimized) 🧬🧬
2025-07-17 08:58:19.101 | INFO     | info                           |    Selection complete: 38 survivors, 26 to be replaced.
2025-07-17 08:58:19.819 | INFO     | info                           |    Replaced 26 cells with optimized cloning.
2025-07-17 08:58:20.811 | INFO     | info                           |    New population size: 96
2025-07-17 08:58:20.811 | INFO     | info                           |    - Parallel batch cache cleared.
2025-07-17 08:58:20.811 | INFO     | info                           | 
⏱️  Generation 1 completed in 15.10s. Population: 96
2025-07-17 08:58:20.920 | INFO     | info                           | write_visualization_state completed successfully
2025-07-17 08:58:20.920 | INFO     | info                           | 
================================================================================
2025-07-17 08:58:20.920 | INFO     | info                           | GENERATION 2
2025-07-17 08:58:20.920 | INFO     | info                           | ================================================================================
2025-07-17 08:58:20.920 | INFO     | info                           | 
📊 Phase 1: Fitness Evaluation (Optimized)
2025-07-17 08:58:38.660 | INFO     | info                           | 
📈 Phase 2: Metrics and Stress Detection
2025-07-17 08:58:38.674 | INFO     | info                           |    [1m📊 Metrics:[0m [36m💪 Fitness: 0.890 ± 0.000[0m, [35m🌿 Diversity: 4.682[0m, [33m🧬 Genes: 142[0m
2025-07-17 08:58:38.674 | INFO     | info                           |    [1m🌱 Stem Genes:[0m Count: 14, Differentiations: 0, Avg Commitment: 0.000
2025-07-17 08:58:38.674 | INFO     | info                           |    Stress factors: stagnation=N/A, diversity=0.00, variance=0.00, phase=0.00
2025-07-17 08:58:38.674 | INFO     | info                           |    Combined amplified stress: 0.000
2025-07-17 08:58:38.674 | INFO     | info                           |    Current stress level: 0.000
2025-07-17 08:58:38.674 | INFO     | info                           | 
🔍🔍  Phase 3: Phase Transition Analysis  🔍🔍
2025-07-17 08:58:38.675 | INFO     | info                           | 
🧬🧬 Phase 5: Selection and Reproduction (Optimized) 🧬🧬
2025-07-17 08:58:38.675 | INFO     | info                           |    Selection complete: 57 survivors, 39 to be replaced.
2025-07-17 08:58:39.890 | INFO     | info                           |    Replaced 39 cells with optimized cloning.
2025-07-17 08:58:40.555 | INFO     | info                           |    New population size: 120
2025-07-17 08:58:40.555 | INFO     | info                           |    - Parallel batch cache cleared.
2025-07-17 08:58:40.692 | INFO     | info                           |    - Cleared CUDA memory cache. Usage now: 3.72 GB
2025-07-17 08:58:40.692 | INFO     | info                           | 
⏱️  Generation 2 completed in 19.88s. Population: 120
2025-07-17 08:58:40.829 | INFO     | info                           | write_visualization_state completed successfully
2025-07-17 08:58:40.829 | INFO     | info                           | 
================================================================================
2025-07-17 08:58:40.829 | INFO     | info                           | GENERATION 3
2025-07-17 08:58:40.829 | INFO     | info                           | ================================================================================
2025-07-17 08:58:40.830 | INFO     | info                           | 
📊 Phase 1: Fitness Evaluation (Optimized)
2025-07-17 08:59:03.376 | INFO     | info                           | 
📈 Phase 2: Metrics and Stress Detection
2025-07-17 08:59:03.394 | INFO     | info                           |    [1m📊 Metrics:[0m [36m💪 Fitness: 0.893 ± 0.000[0m, [35m🌿 Diversity: 4.565[0m, [33m🧬 Genes: 125[0m
2025-07-17 08:59:03.394 | INFO     | info                           |    [1m🌱 Stem Genes:[0m Count: 13, Differentiations: 0, Avg Commitment: 0.000
2025-07-17 08:59:03.394 | INFO     | info                           |    Stress factors: stagnation=N/A, diversity=0.00, variance=0.00, phase=0.00
2025-07-17 08:59:03.394 | INFO     | info                           |    Combined amplified stress: 0.000
2025-07-17 08:59:03.394 | INFO     | info                           | 
🔥 DEBUG: Forcing maximum stress at Generation 3.
2025-07-17 08:59:03.394 | INFO     | info                           |    Current stress level: 1.000
2025-07-17 08:59:03.394 | INFO     | info                           | 
🔍🔍  Phase 3: Phase Transition Analysis  🔍🔍
2025-07-17 08:59:03.395 | INFO     | info                           | 
⚠️⚠️   Phase 4: High Stress Response (stress=1.000)  ⚠️ ⚠️ 
2025-07-17 08:59:03.395 | INFO     | info                           |    Executing stress response protocols:
2025-07-17 08:59:03.395 | INFO     | info                           |    • Triggering transposition cascade (budgeted)
2025-07-17 08:59:04.539 | INFO     | info                           |      - 47/67 mutations executed. Tokens remaining: 0.0
2025-07-17 08:59:04.539 | INFO     | info                           |    • Applying epigenetic modifications
2025-07-17 08:59:04.542 | INFO     | info                           |      - 22 genes epigenetically modified.
2025-07-17 08:59:04.542 | INFO     | info                           |    • Facilitating horizontal gene transfer
