2025-07-16 21:08:42.457 | INFO     | __init__                       | ================================================================================
2025-07-16 21:08:42.457 | INFO     | __init__                       | TE-AI RUN INITIALIZED: 20250716_210842
2025-07-16 21:08:42.457 | INFO     | __init__                       | Log file: logs/te_ai_run_20250716_210842.log
2025-07-16 21:08:42.457 | INFO     | __init__                       | Max file size: 50.0 MB
2025-07-16 21:08:42.457 | INFO     | __init__                       | Backup files: 10
2025-07-16 21:08:42.457 | INFO     | __init__                       | ================================================================================
2025-07-16 21:08:42.457 | INFO     | _log_system_info               | SYSTEM INFORMATION:
2025-07-16 21:08:42.457 | INFO     | _log_system_info               |   Python version: 3.9.0 (default, Nov 15 2020, 14:28:56) 
[GCC 7.3.0]
2025-07-16 21:08:42.457 | INFO     | _log_system_info               |   PyTorch version: 2.5.1+cu121
2025-07-16 21:08:42.457 | INFO     | _log_system_info               |   CUDA available: True
2025-07-16 21:08:42.467 | INFO     | _log_system_info               |   CUDA device: NVIDIA GeForce RTX 3090
2025-07-16 21:08:42.467 | INFO     | _log_system_info               |   CUDA memory: 25.44 GB
2025-07-16 21:08:42.467 | INFO     | _log_system_info               | --------------------------------------------------------------------------------
2025-07-16 21:08:43.033 | WARNING  | warning                        | No metadata file found, using defaults
2025-07-16 21:08:43.033 | INFO     | info                           | Loading TCGA samples from /home/weslinux/te_ai/maia_tcga_pancan
2025-07-16 21:08:43.033 | INFO     | info                           | Loading sample 1/10
2025-07-16 21:08:43.047 | INFO     | info                           | Loaded 10 samples
2025-07-16 21:08:43.047 | INFO     | info                           | Identifying drug targets from TCGA data
2025-07-16 21:08:43.073 | INFO     | info                           | Found 3 cancer types: ['OV', 'LUSC', 'BRCA']
2025-07-16 21:08:43.081 | INFO     | info                           | Identified 20 drug targets
2025-07-16 21:08:43.081 | INFO     | info                           | Top 10 targets: ['MUT_134', 'MUT_579', 'MUT_735', 'MUT_1522', 'MUT_1902', 'MUT_2142', 'MUT_3219', 'MUT_3331', 'MUT_4793', 'MUT_5487']
2025-07-16 21:08:43.083 | INFO     | info                           | Converting 20 targets to antigens
2025-07-16 21:08:43.121 | INFO     | info                           | Successfully created 20 antigens
2025-07-16 21:08:43.177 | INFO     | info                           | 
🧬 Initializing production population with 64 cells...
2025-07-16 21:08:43.177 | INFO     | info                           |    Creating 12 dedicated stem cells...
2025-07-16 21:08:43.546 | INFO     | info                           |    Creating 52 mixed-type cells...
2025-07-16 21:08:43.621 | INFO     | info                           |    ✨✨ A Quantum Gene has emerged!  ✨✨
2025-07-16 21:08:43.648 | INFO     | info                           |    ✨✨ A Quantum Gene has emerged!  ✨✨
2025-07-16 21:08:44.021 | INFO     | info                           |    ✨✨ A Quantum Gene has emerged!  ✨✨
2025-07-16 21:08:44.245 | INFO     | info                           |    ✨✨ A Quantum Gene has emerged!  ✨✨
2025-07-16 21:08:44.300 | INFO     | info                           |    ✨✨ A Quantum Gene has emerged!  ✨✨
2025-07-16 21:08:44.328 | INFO     | info                           |    ✨✨ A Quantum Gene has emerged!  ✨✨
2025-07-16 21:08:44.355 | INFO     | info                           |    ✨✨ A Quantum Gene has emerged!  ✨✨
2025-07-16 21:08:44.458 | INFO     | info                           |    ✨✨ A Quantum Gene has emerged!  ✨✨
2025-07-16 21:08:44.884 | INFO     | info                           |    Created 50/52 mixed cells...
2025-07-16 21:08:44.935 | INFO     | info                           | ✅✅  Population initialized with 64 cells (12 stem cells + 52 mixed)  ✅✅ 
2025-07-16 21:08:44.943 | INFO     | info                           | Adding specialized drug discovery genes to population...
2025-07-16 21:08:44.944 | INFO     | info                           | Added BindingPocketGene to cell 851bc56e-0241-44cc-9098-7e2e59cc13c4
2025-07-16 21:08:44.946 | INFO     | info                           | Added PharmacophoreGene to cell 919617da-a91c-45b0-9730-c7efe6e4dd44
2025-07-16 21:08:44.968 | INFO     | info                           | Added AllostericGene to cell a2676ebe-bfc4-4698-a5dd-7ff84ea634ff
2025-07-16 21:08:44.969 | INFO     | info                           | Added BindingPocketGene to cell cf157577-89e7-4a2d-805d-0182911d96ca
2025-07-16 21:08:44.971 | INFO     | info                           | Added PharmacophoreGene to cell 6256d7ed-b085-40ea-a945-0854c2426961
2025-07-16 21:08:44.974 | INFO     | info                           | Added AllostericGene to cell 94a54eb0-f9f8-4bd3-8ccf-df47b12085b6
2025-07-16 21:08:44.983 | INFO     | info                           | Added BindingPocketGene to cell 3334440f-0376-4c21-83db-1b1ccdf189b5
2025-07-16 21:08:44.985 | INFO     | info                           | Added PharmacophoreGene to cell d4576054-4e20-497a-9b67-98e490765dd3
2025-07-16 21:08:44.988 | INFO     | info                           | Added AllostericGene to cell bff24ea8-22c9-431d-8b7c-64862a5d83b4
2025-07-16 21:08:44.989 | INFO     | info                           | Added BindingPocketGene to cell 9f3b6fb3-b335-4190-b37a-25f99d0c8752
2025-07-16 21:08:44.991 | INFO     | info                           | Added PharmacophoreGene to cell ef179ad2-c391-44b9-b0e1-1375e8a98707
2025-07-16 21:08:44.995 | INFO     | info                           | Added AllostericGene to cell b4102708-d26d-450d-b9b4-f1f90958c51b
2025-07-16 21:08:45.000 | INFO     | info                           | Added BindingPocketGene to cell b45dd161-a0eb-41ec-910c-968edfb2c683
2025-07-16 21:08:45.002 | INFO     | info                           | Added PharmacophoreGene to cell f6f5531b-9837-4a1e-8e2c-b420f06eaf67
2025-07-16 21:08:45.005 | INFO     | info                           | Added AllostericGene to cell fb190561-8222-446a-89e0-684381d9ca97
2025-07-16 21:08:45.006 | INFO     | info                           | Added BindingPocketGene to cell 25451bb5-30fb-4747-a478-198912dfadb4
2025-07-16 21:08:45.008 | INFO     | info                           | Added PharmacophoreGene to cell 64beb03c-aca9-4027-a60b-e33fc9fb84ab
2025-07-16 21:08:45.012 | INFO     | info                           | Added AllostericGene to cell 3dbe2905-abc2-47ad-bd18-98dec0554a44
2025-07-16 21:08:45.017 | INFO     | info                           | Added BindingPocketGene to cell 39864fdc-15d2-4cf7-9dfc-41c405e5bce1
2025-07-16 21:08:45.324 | INFO     | info                           | write_visualization_state completed successfully
2025-07-16 21:08:45.325 | INFO     | info                           | 
================================================================================
2025-07-16 21:08:45.325 | INFO     | info                           | GENERATION 1
2025-07-16 21:08:45.325 | INFO     | info                           | ================================================================================
2025-07-16 21:08:45.325 | INFO     | info                           | 
📊 Phase 1: Fitness Evaluation (Optimized)
2025-07-16 21:09:48.034 | INFO     | info                           | 
📈 Phase 2: Metrics and Stress Detection
2025-07-16 21:09:48.062 | INFO     | info                           |    [1m📊 Metrics:[0m [36m💪 Fitness: 1.068 ± 0.001[0m, [35m🌿 Diversity: 4.909[0m, [33m🧬 Genes: 176[0m
2025-07-16 21:09:48.062 | INFO     | info                           |    [1m🌱 Stem Genes:[0m Count: 6, Differentiations: 0, Avg Commitment: 0.000
2025-07-16 21:09:48.063 | INFO     | info                           |    Stress factors: stagnation=N/A, diversity=0.00, variance=0.00, phase=0.00
2025-07-16 21:09:48.063 | INFO     | info                           |    Combined amplified stress: 0.001
2025-07-16 21:09:48.063 | INFO     | info                           |    Current stress level: 0.001
2025-07-16 21:09:48.063 | INFO     | info                           | 
🔍🔍  Phase 3: Phase Transition Analysis  🔍🔍
2025-07-16 21:09:48.063 | INFO     | info                           | 
🧬🧬 Phase 5: Selection and Reproduction (Optimized) 🧬🧬
2025-07-16 21:09:48.064 | INFO     | info                           |    Selection complete: 38 survivors, 26 to be replaced.
2025-07-16 21:09:48.798 | INFO     | info                           |    Replaced 26 cells with optimized cloning.
2025-07-16 21:09:49.794 | INFO     | info                           |    New population size: 96
2025-07-16 21:09:49.794 | INFO     | info                           |    - Parallel batch cache cleared.
2025-07-16 21:09:49.794 | INFO     | info                           | 
⏱️  Generation 1 completed in 64.57s. Population: 96
2025-07-16 21:09:50.124 | INFO     | info                           | write_visualization_state completed successfully
2025-07-16 21:09:50.124 | INFO     | info                           | 
================================================================================
2025-07-16 21:09:50.124 | INFO     | info                           | GENERATION 2
2025-07-16 21:09:50.124 | INFO     | info                           | ================================================================================
2025-07-16 21:09:50.124 | INFO     | info                           | 
📊 Phase 1: Fitness Evaluation (Optimized)
2025-07-16 21:11:35.335 | INFO     | info                           | 
📈 Phase 2: Metrics and Stress Detection
2025-07-16 21:11:35.364 | INFO     | info                           |    [1m📊 Metrics:[0m [36m💪 Fitness: 1.080 ± 0.000[0m, [35m🌿 Diversity: 4.672[0m, [33m🧬 Genes: 141[0m
2025-07-16 21:11:35.365 | INFO     | info                           |    [1m🌱 Stem Genes:[0m Count: 14, Differentiations: 0, Avg Commitment: 0.000
2025-07-16 21:11:35.365 | INFO     | info                           |    Stress factors: stagnation=N/A, diversity=0.00, variance=0.00, phase=0.00
2025-07-16 21:11:35.365 | INFO     | info                           |    Combined amplified stress: 0.000
2025-07-16 21:11:35.365 | INFO     | info                           |    Current stress level: 0.000
2025-07-16 21:11:35.365 | INFO     | info                           | 
🔍🔍  Phase 3: Phase Transition Analysis  🔍🔍
2025-07-16 21:11:35.366 | INFO     | info                           | 
🧬🧬 Phase 5: Selection and Reproduction (Optimized) 🧬🧬
2025-07-16 21:11:35.366 | INFO     | info                           |    Selection complete: 57 survivors, 39 to be replaced.
2025-07-16 21:11:36.485 | INFO     | info                           |    Replaced 39 cells with optimized cloning.
2025-07-16 21:11:37.946 | INFO     | info                           |    New population size: 144
2025-07-16 21:11:37.946 | INFO     | info                           |    - Parallel batch cache cleared.
2025-07-16 21:11:38.071 | INFO     | info                           |    - Cleared CUDA memory cache. Usage now: 4.51 GB
2025-07-16 21:11:38.071 | INFO     | info                           | 
⏱️  Generation 2 completed in 108.07s. Population: 144
2025-07-16 21:11:38.465 | INFO     | info                           | write_visualization_state completed successfully
2025-07-16 21:11:38.465 | INFO     | info                           | 
================================================================================
2025-07-16 21:11:38.465 | INFO     | info                           | GENERATION 3
2025-07-16 21:11:38.465 | INFO     | info                           | ================================================================================
2025-07-16 21:11:38.465 | INFO     | info                           | 
📊 Phase 1: Fitness Evaluation (Optimized)
