2025-07-16 17:40:12.234 | INFO     | __init__                       | ================================================================================
2025-07-16 17:40:12.234 | INFO     | __init__                       | TE-AI RUN INITIALIZED: 20250716_174012
2025-07-16 17:40:12.235 | INFO     | __init__                       | Log file: logs\te_ai_run_20250716_174012.log
2025-07-16 17:40:12.235 | INFO     | __init__                       | Max file size: 50.0 MB
2025-07-16 17:40:12.235 | INFO     | __init__                       | Backup files: 10
2025-07-16 17:40:12.235 | INFO     | __init__                       | ================================================================================
2025-07-16 17:40:12.237 | INFO     | _log_system_info               | SYSTEM INFORMATION:
2025-07-16 17:40:12.237 | INFO     | _log_system_info               |   Python version: 3.11.11 | packaged by Anaconda, Inc. | (main, Dec 11 2024, 16:34:19) [MSC v.1929 64 bit (AMD64)]
2025-07-16 17:40:12.237 | INFO     | _log_system_info               |   PyTorch version: 2.5.1+cu121
2025-07-16 17:40:12.237 | INFO     | _log_system_info               |   CUDA available: True
2025-07-16 17:40:12.239 | INFO     | _log_system_info               |   CUDA device: NVIDIA GeForce RTX 3090
2025-07-16 17:40:12.239 | INFO     | _log_system_info               |   CUDA memory: 25.77 GB
2025-07-16 17:40:12.239 | INFO     | _log_system_info               | --------------------------------------------------------------------------------
2025-07-16 17:40:13.089 | INFO     | run_optimized_simulation       | Starting TE-AI Optimized Simulation
2025-07-16 17:40:13.300 | INFO     | info                           | 
🧬 Initializing production population with 64 cells...
2025-07-16 17:40:13.300 | INFO     | info                           |    Creating 12 dedicated stem cells...
2025-07-16 17:40:13.788 | INFO     | info                           |    Creating 52 mixed-type cells...
2025-07-16 17:40:13.875 | INFO     | info                           |    ✨✨ A Quantum Gene has emerged!  ✨✨
2025-07-16 17:40:13.907 | INFO     | info                           |    ✨✨ A Quantum Gene has emerged!  ✨✨
2025-07-16 17:40:14.346 | INFO     | info                           |    ✨✨ A Quantum Gene has emerged!  ✨✨
2025-07-16 17:40:14.617 | INFO     | info                           |    ✨✨ A Quantum Gene has emerged!  ✨✨
2025-07-16 17:40:14.678 | INFO     | info                           |    ✨✨ A Quantum Gene has emerged!  ✨✨
2025-07-16 17:40:14.712 | INFO     | info                           |    ✨✨ A Quantum Gene has emerged!  ✨✨
2025-07-16 17:40:14.742 | INFO     | info                           |    ✨✨ A Quantum Gene has emerged!  ✨✨
2025-07-16 17:40:14.865 | INFO     | info                           |    ✨✨ A Quantum Gene has emerged!  ✨✨
2025-07-16 17:40:15.414 | INFO     | info                           |    Created 50/52 mixed cells...
2025-07-16 17:40:15.471 | INFO     | info                           | ✅✅  Population initialized with 64 cells (12 stem cells + 52 mixed)  ✅✅ 
2025-07-16 17:40:15.477 | INFO     | info                           | 
🧬 Initializing production population with 64 cells...
2025-07-16 17:40:15.477 | INFO     | info                           |    Creating 12 dedicated stem cells...
2025-07-16 17:40:15.812 | INFO     | info                           |    Creating 52 mixed-type cells...
2025-07-16 17:40:15.897 | INFO     | info                           |    ✨✨ A Quantum Gene has emerged!  ✨✨
2025-07-16 17:40:15.929 | INFO     | info                           |    ✨✨ A Quantum Gene has emerged!  ✨✨
2025-07-16 17:40:16.355 | INFO     | info                           |    ✨✨ A Quantum Gene has emerged!  ✨✨
2025-07-16 17:40:16.638 | INFO     | info                           |    ✨✨ A Quantum Gene has emerged!  ✨✨
2025-07-16 17:40:16.698 | INFO     | info                           |    ✨✨ A Quantum Gene has emerged!  ✨✨
2025-07-16 17:40:16.732 | INFO     | info                           |    ✨✨ A Quantum Gene has emerged!  ✨✨
2025-07-16 17:40:16.762 | INFO     | info                           |    ✨✨ A Quantum Gene has emerged!  ✨✨
2025-07-16 17:40:16.888 | INFO     | info                           |    ✨✨ A Quantum Gene has emerged!  ✨✨
2025-07-16 17:40:17.430 | INFO     | info                           |    Created 50/52 mixed cells...
2025-07-16 17:40:17.499 | INFO     | info                           | ✅✅  Population initialized with 128 cells (12 stem cells + 52 mixed)  ✅✅ 
2025-07-16 17:40:18.062 | INFO     | info                           | write_visualization_state completed successfully
2025-07-16 17:40:18.062 | INFO     | info                           | 
================================================================================
2025-07-16 17:40:18.063 | INFO     | info                           | GENERATION 1
2025-07-16 17:40:18.063 | INFO     | info                           | ================================================================================
2025-07-16 17:40:18.065 | INFO     | info                           | 
📊 Phase 1: Fitness Evaluation (Optimized)
2025-07-16 17:41:53.694 | INFO     | info                           | 
📈 Phase 2: Metrics and Stress Detection
2025-07-16 17:41:53.762 | INFO     | info                           |    [1m📊 Metrics:[0m [36m💪 Fitness: 0.577 ± 0.003[0m, [35m🌿 Diversity: 4.811[0m, [33m🧬 Genes: 159[0m
2025-07-16 17:41:53.762 | INFO     | info                           |    [1m🌱 Stem Genes:[0m Count: 25, Differentiations: 0, Avg Commitment: 0.000
2025-07-16 17:41:53.763 | INFO     | info                           |    Stress factors: stagnation=N/A, diversity=0.00, variance=0.01, phase=0.00
2025-07-16 17:41:53.763 | INFO     | info                           |    Combined amplified stress: 0.004
2025-07-16 17:41:53.763 | INFO     | info                           |    Current stress level: 0.004
2025-07-16 17:41:53.764 | INFO     | info                           | 
🔍🔍  Phase 3: Phase Transition Analysis  🔍🔍
2025-07-16 17:41:53.765 | INFO     | info                           | 
🧬🧬 Phase 5: Selection and Reproduction (Optimized) 🧬🧬
2025-07-16 17:41:53.765 | INFO     | info                           |    Selection complete: 76 survivors, 52 to be replaced.
2025-07-16 17:41:55.403 | INFO     | info                           |    Replaced 52 cells with optimized cloning.
2025-07-16 17:41:57.872 | INFO     | info                           |    New population size: 192
2025-07-16 17:41:57.873 | INFO     | info                           |    - Parallel batch cache cleared.
2025-07-16 17:41:57.873 | INFO     | info                           | 
⏱️  Generation 1 completed in 100.26s. Population: 192
2025-07-16 17:41:58.707 | INFO     | info                           | write_visualization_state completed successfully
2025-07-16 17:41:58.708 | INFO     | info                           | 
================================================================================
2025-07-16 17:41:58.708 | INFO     | info                           | GENERATION 2
2025-07-16 17:41:58.708 | INFO     | info                           | ================================================================================
2025-07-16 17:41:58.709 | INFO     | info                           | 
📊 Phase 1: Fitness Evaluation (Optimized)
2025-07-16 17:44:05.501 | INFO     | info                           | 
📈 Phase 2: Metrics and Stress Detection
2025-07-16 17:44:05.576 | INFO     | info                           |    [1m📊 Metrics:[0m [36m💪 Fitness: 0.593 ± 0.002[0m, [35m🌿 Diversity: 4.650[0m, [33m🧬 Genes: 142[0m
2025-07-16 17:44:05.577 | INFO     | info                           |    [1m🌱 Stem Genes:[0m Count: 58, Differentiations: 0, Avg Commitment: 0.000
2025-07-16 17:44:05.578 | INFO     | info                           |    Stress factors: stagnation=N/A, diversity=0.00, variance=0.00, phase=0.00
2025-07-16 17:44:05.579 | INFO     | info                           |    Combined amplified stress: 0.002
2025-07-16 17:44:05.579 | INFO     | info                           |    Current stress level: 0.002
2025-07-16 17:44:05.579 | INFO     | info                           | 
🔍🔍  Phase 3: Phase Transition Analysis  🔍🔍
2025-07-16 17:44:05.581 | INFO     | info                           | 
🧬🧬 Phase 5: Selection and Reproduction (Optimized) 🧬🧬
2025-07-16 17:44:05.581 | INFO     | info                           |    Selection complete: 115 survivors, 77 to be replaced.
2025-07-16 17:44:08.361 | INFO     | info                           |    Replaced 77 cells with optimized cloning.
2025-07-16 17:44:11.319 | INFO     | info                           |    New population size: 256
2025-07-16 17:44:11.319 | INFO     | info                           |    - Parallel batch cache cleared.
2025-07-16 17:44:11.567 | INFO     | info                           |    - Cleared CUDA memory cache. Usage now: 7.94 GB
2025-07-16 17:44:11.567 | INFO     | info                           | 
⏱️  Generation 2 completed in 133.66s. Population: 256
2025-07-16 17:44:12.562 | INFO     | info                           | write_visualization_state completed successfully
2025-07-16 17:44:12.563 | INFO     | info                           | 
================================================================================
2025-07-16 17:44:12.563 | INFO     | info                           | GENERATION 3
2025-07-16 17:44:12.563 | INFO     | info                           | ================================================================================
2025-07-16 17:44:12.566 | INFO     | info                           | 
📊 Phase 1: Fitness Evaluation (Optimized)
2025-07-16 17:47:16.569 | INFO     | info                           | 
📈 Phase 2: Metrics and Stress Detection
2025-07-16 17:47:16.678 | INFO     | info                           |    [1m📊 Metrics:[0m [36m💪 Fitness: 0.600 ± 0.002[0m, [35m🌿 Diversity: 4.619[0m, [33m🧬 Genes: 140[0m
2025-07-16 17:47:16.679 | INFO     | info                           |    [1m🌱 Stem Genes:[0m Count: 87, Differentiations: 0, Avg Commitment: 0.000
2025-07-16 17:47:16.681 | INFO     | info                           |    Stress factors: stagnation=N/A, diversity=0.00, variance=0.00, phase=0.00
2025-07-16 17:47:16.681 | INFO     | info                           |    Combined amplified stress: 0.002
2025-07-16 17:47:16.682 | INFO     | info                           | 
🔥 DEBUG: Forcing maximum stress at Generation 3.
2025-07-16 17:47:16.682 | INFO     | info                           |    Current stress level: 1.000
2025-07-16 17:47:16.682 | INFO     | info                           | 
🔍🔍  Phase 3: Phase Transition Analysis  🔍🔍
2025-07-16 17:47:16.684 | INFO     | info                           | 
⚠️⚠️   Phase 4: High Stress Response (stress=1.000)  ⚠️ ⚠️ 
2025-07-16 17:47:16.684 | INFO     | info                           |    Executing stress response protocols:
2025-07-16 17:47:16.686 | INFO     | info                           |    • Triggering transposition cascade (budgeted)
2025-07-16 17:47:21.510 | INFO     | info                           |      - 38/117 mutations executed. Tokens remaining: 0.5
2025-07-16 17:47:21.511 | INFO     | info                           |    • Applying epigenetic modifications
2025-07-16 17:47:21.515 | INFO     | info                           |      - 18 genes epigenetically modified.
2025-07-16 17:47:21.515 | INFO     | info                           |    • Facilitating horizontal gene transfer
2025-07-16 17:48:18.329 | INFO     | info                           |      - 0 successful gene transfers.
2025-07-16 17:48:18.329 | INFO     | info                           | 
🧬🧬 Phase 5: Selection and Reproduction (Optimized) 🧬🧬
2025-07-16 17:48:18.330 | INFO     | info                           |    Selection complete: 153 survivors, 103 to be replaced.
2025-07-16 17:48:22.118 | INFO     | info                           |    Replaced 103 cells with optimized cloning.
2025-07-16 17:48:22.119 | INFO     | info                           |    New population size: 256
2025-07-16 17:48:22.119 | INFO     | info                           |    - Parallel batch cache cleared.
2025-07-16 17:48:22.119 | INFO     | info                           | 
⏱️  Generation 3 completed in 250.52s. Population: 256
2025-07-16 17:48:23.116 | INFO     | info                           | write_visualization_state completed successfully
2025-07-16 17:48:23.116 | INFO     | info                           | 
================================================================================
2025-07-16 17:48:23.117 | INFO     | info                           | GENERATION 4
2025-07-16 17:48:23.117 | INFO     | info                           | ================================================================================
2025-07-16 17:48:23.119 | INFO     | info                           | 
📊 Phase 1: Fitness Evaluation (Optimized)
2025-07-16 17:51:21.961 | INFO     | info                           | 
📈 Phase 2: Metrics and Stress Detection
2025-07-16 17:51:22.058 | INFO     | info                           |    [1m📊 Metrics:[0m [36m💪 Fitness: 0.609 ± 0.002[0m, [35m🌿 Diversity: 4.582[0m, [33m🧬 Genes: 137[0m
2025-07-16 17:51:22.059 | INFO     | info                           |    [1m🌱 Stem Genes:[0m Count: 75, Differentiations: 6, Avg Commitment: 0.020
2025-07-16 17:51:22.061 | INFO     | info                           |    Stress factors: stagnation=N/A, diversity=0.00, variance=0.00, phase=0.00
2025-07-16 17:51:22.062 | INFO     | info                           |    Combined amplified stress: 0.002
2025-07-16 17:51:22.062 | INFO     | info                           |    Current stress level: 0.002
2025-07-16 17:51:22.063 | INFO     | info                           | 
🔍🔍  Phase 3: Phase Transition Analysis  🔍🔍
2025-07-16 17:51:22.065 | INFO     | info                           | 
🧬🧬 Phase 5: Selection and Reproduction (Optimized) 🧬🧬
2025-07-16 17:51:22.065 | INFO     | info                           |    Selection complete: 153 survivors, 103 to be replaced.
2025-07-16 17:51:25.942 | INFO     | info                           |    Replaced 103 cells with optimized cloning.
2025-07-16 17:51:25.942 | INFO     | info                           |    New population size: 256
2025-07-16 17:51:25.942 | INFO     | info                           |    - Parallel batch cache cleared.
2025-07-16 17:51:26.224 | INFO     | info                           |    - Cleared CUDA memory cache. Usage now: 8.07 GB
2025-07-16 17:51:26.224 | INFO     | info                           | 
⏱️  Generation 4 completed in 184.07s. Population: 256
2025-07-16 17:51:27.194 | INFO     | info                           | write_visualization_state completed successfully
2025-07-16 17:51:27.194 | INFO     | info                           | 
================================================================================
2025-07-16 17:51:27.194 | INFO     | info                           | GENERATION 5
2025-07-16 17:51:27.195 | INFO     | info                           | ================================================================================
2025-07-16 17:51:27.196 | INFO     | info                           | 
📊 Phase 1: Fitness Evaluation (Optimized)
2025-07-16 17:54:26.184 | INFO     | info                           | 
📈 Phase 2: Metrics and Stress Detection
2025-07-16 17:54:26.292 | INFO     | info                           |    [1m📊 Metrics:[0m [36m💪 Fitness: 0.615 ± 0.002[0m, [35m🌿 Diversity: 4.535[0m, [33m🧬 Genes: 136[0m
2025-07-16 17:54:26.292 | INFO     | info                           |    [1m🌱 Stem Genes:[0m Count: 81, Differentiations: 6, Avg Commitment: 0.019
2025-07-16 17:54:26.294 | INFO     | info                           |    Stress factors: stagnation=N/A, diversity=0.00, variance=0.00, phase=0.00
2025-07-16 17:54:26.294 | INFO     | info                           |    Combined amplified stress: 0.002
2025-07-16 17:54:26.295 | INFO     | info                           |    Current stress level: 0.002
2025-07-16 17:54:26.295 | INFO     | info                           | 
🔍🔍  Phase 3: Phase Transition Analysis  🔍🔍
2025-07-16 17:54:26.297 | INFO     | info                           | 
🧬🧬 Phase 5: Selection and Reproduction (Optimized) 🧬🧬
2025-07-16 17:54:26.297 | INFO     | info                           |    Selection complete: 153 survivors, 103 to be replaced.
2025-07-16 17:54:30.535 | INFO     | info                           |    Replaced 103 cells with optimized cloning.
2025-07-16 17:54:30.535 | INFO     | info                           |    New population size: 256
2025-07-16 17:54:30.536 | INFO     | info                           |    - Parallel batch cache cleared.
2025-07-16 17:54:30.536 | INFO     | info                           | 
💤 Phase 6: Dream Consolidation
2025-07-16 17:55:27.249 | INFO     | info                           | write_visualization_state completed successfully
