2025-07-18 17:25:37.554 | INFO     | __init__                       | ================================================================================
2025-07-18 17:25:37.554 | INFO     | __init__                       | TE-AI RUN INITIALIZED: 20250718_172537
2025-07-18 17:25:37.555 | INFO     | __init__                       | Log file: logs/te_ai_run_20250718_172537.log
2025-07-18 17:25:37.555 | INFO     | __init__                       | Max file size: 50.0 MB
2025-07-18 17:25:37.555 | INFO     | __init__                       | Backup files: 10
2025-07-18 17:25:37.555 | INFO     | __init__                       | ================================================================================
2025-07-18 17:25:37.556 | INFO     | _log_system_info               | SYSTEM INFORMATION:
2025-07-18 17:25:37.556 | INFO     | _log_system_info               |   Python version: 3.12.8 | packaged by Anaconda, Inc. | (main, Dec 11 2024, 16:31:09) [GCC 11.2.0]
2025-07-18 17:25:37.556 | INFO     | _log_system_info               |   PyTorch version: 2.7.1+cu126
2025-07-18 17:25:37.556 | INFO     | _log_system_info               |   CUDA available: True
2025-07-18 17:25:37.584 | INFO     | _log_system_info               |   CUDA device: NVIDIA GeForce RTX 3090
2025-07-18 17:25:37.585 | INFO     | _log_system_info               |   CUDA memory: 25.77 GB
2025-07-18 17:25:37.585 | INFO     | _log_system_info               | --------------------------------------------------------------------------------
2025-07-18 17:26:21.056 | INFO     | info                           | 
============================================================
2025-07-18 17:26:21.057 | INFO     | info                           | INITIALIZING SYMBIOTIC SWARM TEST
2025-07-18 17:26:21.057 | INFO     | info                           | ============================================================

2025-07-18 17:26:21.057 | INFO     | info                           | Loading 'bbbp' dataset...
2025-07-18 17:26:21.057 | INFO     | info                           | Loading bbbp from MoleculeNet...
2025-07-18 17:26:21.058 | INFO     | info                           | Successfully initialized RDKit MorganGenerator.
2025-07-18 17:26:21.058 | INFO     | info                           | Using RobustFeaturizer wrapping RDKit MorganGenerator.
2025-07-18 17:26:21.058 | INFO     | info                           | Using DeepChem data directory: deepchem_data
2025-07-18 17:26:21.059 | INFO     | info                           | Data directory exists: deepchem_data
2025-07-18 17:26:21.059 | WARNING  | warning                        | BBBP dataset directory not found: deepchem_data/bbbp
2025-07-18 17:26:21.083 | WARNING  | warning                        | Could not create a valid molecule from datapoint: 'O=N([O-])C1=C(CN=C1NCCSCc2ncccc2)Cc3ccccc3'. Returning zero vector.
2025-07-18 17:26:21.083 | WARNING  | warning                        | Could not create a valid molecule from datapoint: 'c1(nc(NC(N)=[NH2])sc1)CSCCNC(=[NH]C#N)NC'. Returning zero vector.
2025-07-18 17:26:21.124 | WARNING  | warning                        | Could not create a valid molecule from datapoint: 'Cc1nc(sc1)\[NH]=C(\N)N'. Returning zero vector.
2025-07-18 17:26:21.148 | WARNING  | warning                        | Could not create a valid molecule from datapoint: 's1cc(CSCCN\C(NC)=[NH]\C#N)nc1\[NH]=C(\N)N'. Returning zero vector.
2025-07-18 17:26:21.153 | WARNING  | warning                        | Could not create a valid molecule from datapoint: 'c1c(c(ncc1)CSCCN\C(=[NH]\C#N)NCC)Br'. Returning zero vector.
2025-07-18 17:26:21.153 | WARNING  | warning                        | Could not create a valid molecule from datapoint: 'n1c(csc1\[NH]=C(\N)N)c1ccccc1'. Returning zero vector.
2025-07-18 17:26:21.154 | WARNING  | warning                        | Could not create a valid molecule from datapoint: 'n1c(csc1\[NH]=C(\N)N)c1cccc(c1)N'. Returning zero vector.
2025-07-18 17:26:21.154 | WARNING  | warning                        | Could not create a valid molecule from datapoint: 'n1c(csc1\[NH]=C(\N)N)c1cccc(c1)NC(C)=O'. Returning zero vector.
2025-07-18 17:26:21.155 | WARNING  | warning                        | Could not create a valid molecule from datapoint: 'n1c(csc1\[NH]=C(\N)N)c1cccc(c1)N\C(NC)=[NH]\C#N'. Returning zero vector.
2025-07-18 17:26:21.155 | WARNING  | warning                        | Could not create a valid molecule from datapoint: 's1cc(nc1\[NH]=C(\N)N)C'. Returning zero vector.
2025-07-18 17:26:21.160 | WARNING  | warning                        | Could not create a valid molecule from datapoint: 'c1(cc(N\C(=[NH]\c2cccc(c2)CC)C)ccc1)CC'. Returning zero vector.
2025-07-18 17:26:21.377 | INFO     | info                           | Step 2: Filtering out invalid molecules before splitting...
2025-07-18 17:26:21.540 | WARNING  | warning                        | Removed 11 invalid SMILES strings before splitting.
2025-07-18 17:26:21.566 | INFO     | info                           | Step 3: Splitting the cleaned dataset...
2025-07-18 17:26:22.056 | INFO     | info                           | Step 5: Applying data transformations...
2025-07-18 17:26:22.072 | INFO     | info                           | Converting 1631 molecules from DeepChem
2025-07-18 17:26:29.870 | INFO     | info                           | Successfully converted 1631 molecules
2025-07-18 17:26:29.871 | INFO     | info                           | Converting 204 molecules from DeepChem
2025-07-18 17:26:30.206 | INFO     | info                           | Successfully converted 204 molecules
2025-07-18 17:26:30.206 | INFO     | info                           | Converting 204 molecules from DeepChem
2025-07-18 17:26:30.481 | INFO     | info                           | Successfully converted 204 molecules
2025-07-18 17:26:30.481 | INFO     | info                           | Successfully converted bbbp:
2025-07-18 17:26:30.481 | INFO     | info                           |   Train: 1631 antigens
2025-07-18 17:26:30.482 | INFO     | info                           |   Valid: 204 antigens
2025-07-18 17:26:30.482 | INFO     | info                           |   Test: 204 antigens
2025-07-18 17:26:30.483 | INFO     | info                           | Loaded 1631 training samples.
2025-07-18 17:26:30.483 | INFO     | info                           | 🏝️  Initializing Specialist Archipelago with 3 islands:
2025-07-18 17:26:30.483 | INFO     | info                           |    🧪 Creating Island 'SCIENTIST (Accuracy-focused)' on device cuda:0...
2025-07-18 17:26:30.723 | INFO     | info                           | GPU Memory: 0.00/24.00 GB (0.0%)
2025-07-18 17:26:30.723 | INFO     | info                           | 
🧬 Initializing production population with 64 cells...
2025-07-18 17:26:30.723 | INFO     | info                           |    Creating 12 dedicated stem cells...
2025-07-18 17:26:31.108 | INFO     | info                           |    Creating 52 mixed-type cells...
2025-07-18 17:26:31.195 | INFO     | info                           |    ✨✨ A Quantum Gene has emerged!  ✨✨
2025-07-18 17:26:31.235 | INFO     | info                           |    ✨✨ A Quantum Gene has emerged!  ✨✨
2025-07-18 17:26:31.681 | INFO     | info                           |    ✨✨ A Quantum Gene has emerged!  ✨✨
2025-07-18 17:26:32.153 | INFO     | info                           |    ✨✨ A Quantum Gene has emerged!  ✨✨
2025-07-18 17:26:32.223 | INFO     | info                           |    ✨✨ A Quantum Gene has emerged!  ✨✨
2025-07-18 17:26:32.260 | INFO     | info                           |    ✨✨ A Quantum Gene has emerged!  ✨✨
2025-07-18 17:26:32.294 | INFO     | info                           |    ✨✨ A Quantum Gene has emerged!  ✨✨
2025-07-18 17:26:32.429 | INFO     | info                           |    ✨✨ A Quantum Gene has emerged!  ✨✨
2025-07-18 17:26:32.878 | INFO     | info                           |    Created 50/52 mixed cells...
2025-07-18 17:26:32.942 | INFO     | info                           | ✅✅  Population initialized with 64 cells (12 stem cells + 52 mixed)  ✅✅ 
2025-07-18 17:26:32.962 | INFO     | info                           |    ⚡ Creating Island 'ENGINEER (Speed-focused)' on device cuda:0...
2025-07-18 17:26:32.969 | INFO     | info                           | GPU Memory: 1.77/24.00 GB (7.4%)
2025-07-18 17:26:32.970 | INFO     | info                           | 
🧬 Initializing production population with 64 cells...
2025-07-18 17:26:32.970 | INFO     | info                           |    Creating 12 dedicated stem cells...
2025-07-18 17:26:33.351 | INFO     | info                           |    Creating 52 mixed-type cells...
2025-07-18 17:26:33.441 | INFO     | info                           |    ✨✨ A Quantum Gene has emerged!  ✨✨
2025-07-18 17:26:33.475 | INFO     | info                           |    ✨✨ A Quantum Gene has emerged!  ✨✨
2025-07-18 17:26:33.929 | INFO     | info                           |    ✨✨ A Quantum Gene has emerged!  ✨✨
2025-07-18 17:26:34.205 | INFO     | info                           |    ✨✨ A Quantum Gene has emerged!  ✨✨
2025-07-18 17:26:34.270 | INFO     | info                           |    ✨✨ A Quantum Gene has emerged!  ✨✨
2025-07-18 17:26:34.307 | INFO     | info                           |    ✨✨ A Quantum Gene has emerged!  ✨✨
2025-07-18 17:26:34.336 | INFO     | info                           |    ✨✨ A Quantum Gene has emerged!  ✨✨
2025-07-18 17:26:34.462 | INFO     | info                           |    ✨✨ A Quantum Gene has emerged!  ✨✨
2025-07-18 17:26:34.888 | INFO     | info                           |    Created 50/52 mixed cells...
2025-07-18 17:26:34.951 | INFO     | info                           | ✅✅  Population initialized with 64 cells (12 stem cells + 52 mixed)  ✅✅ 
2025-07-18 17:26:34.952 | INFO     | info                           |    ⚖️ Creating Island 'GENERALIST (Balanced)' on device cuda:0...
2025-07-18 17:26:34.958 | INFO     | info                           | GPU Memory: 3.54/24.00 GB (14.8%)
2025-07-18 17:26:34.959 | INFO     | info                           | 
🧬 Initializing production population with 64 cells...
2025-07-18 17:26:34.959 | INFO     | info                           |    Creating 12 dedicated stem cells...
2025-07-18 17:26:35.332 | INFO     | info                           |    Creating 52 mixed-type cells...
2025-07-18 17:26:35.426 | INFO     | info                           |    ✨✨ A Quantum Gene has emerged!  ✨✨
2025-07-18 17:26:35.823 | INFO     | info                           |    ✨✨ A Quantum Gene has emerged!  ✨✨
2025-07-18 17:26:35.854 | INFO     | info                           |    ✨✨ A Quantum Gene has emerged!  ✨✨
2025-07-18 17:26:36.097 | INFO     | info                           |    ✨✨ A Quantum Gene has emerged!  ✨✨
2025-07-18 17:26:36.288 | INFO     | info                           |    ✨✨ A Quantum Gene has emerged!  ✨✨
2025-07-18 17:26:36.323 | INFO     | info                           |    ✨✨ A Quantum Gene has emerged!  ✨✨
2025-07-18 17:26:36.997 | INFO     | info                           |    ✨✨ A Quantum Gene has emerged!  ✨✨
2025-07-18 17:26:37.090 | INFO     | info                           |    ✨✨ A Quantum Gene has emerged!  ✨✨
2025-07-18 17:26:37.176 | INFO     | info                           |    Created 50/52 mixed cells...
2025-07-18 17:26:37.252 | INFO     | info                           | ✅✅  Population initialized with 64 cells (12 stem cells + 52 mixed)  ✅✅ 
2025-07-18 17:26:37.259 | INFO     | info                           | 
============================== ARCHIPELAGO GENERATION 1 ==============================
2025-07-18 17:26:37.259 | INFO     | info                           |    🧪 Submitting task for 'SCIENTIST (Accuracy-focused)' Island on cuda:0...
2025-07-18 17:26:37.259 | INFO     | info                           |    ⚡ Submitting task for 'ENGINEER (Speed-focused)' Island on cuda:0...
2025-07-18 17:26:37.260 | INFO     | info                           |    ⚖️ Submitting task for 'GENERALIST (Balanced)' Island on cuda:0...
2025-07-18 17:26:37.261 | INFO     | info                           |    All island tasks submitted. Waiting for completion...
2025-07-18 17:26:37.279 | INFO     | info                           | 
================================================================================
2025-07-18 17:26:37.280 | INFO     | info                           | 
================================================================================
2025-07-18 17:26:37.280 | INFO     | info                           | 
================================================================================
2025-07-18 17:26:37.280 | INFO     | info                           | GENERATION 1 on cuda:0 [⚖️ GENERALIST (Balanced)]
2025-07-18 17:26:37.280 | INFO     | info                           | GENERATION 1 on cuda:0 [⚡ ENGINEER (Speed-focused)]
2025-07-18 17:26:37.280 | INFO     | info                           | GENERATION 1 on cuda:0 [🧪 SCIENTIST (Accuracy-focused)]
2025-07-18 17:26:37.280 | INFO     | info                           | ================================================================================
2025-07-18 17:26:37.281 | INFO     | info                           | ================================================================================
2025-07-18 17:26:37.281 | INFO     | info                           | ================================================================================
2025-07-18 17:26:37.295 | INFO     | info                           | 
📊 Phase 1: Fitness Evaluation (Optimized)
2025-07-18 17:26:37.297 | INFO     | info                           | 
📊 Phase 1: Fitness Evaluation (Optimized)
2025-07-18 17:26:37.297 | INFO     | info                           | 
📊 Phase 1: Fitness Evaluation (Optimized)
2025-07-18 17:28:15.983 | INFO     | info                           |    Evaluated 64 cells using 'calculate_accuracy_fitness':
2025-07-18 17:28:15.985 | INFO     | info                           |       • Raw Accuracy Metrics: Avg=0.579, Best=0.727
2025-07-18 17:28:15.986 | INFO     | info                           |       • Inference Time: Avg=46.44ms, Best=19.17ms
2025-07-18 17:28:15.986 | INFO     | info                           |       • Accuracy Focus: Prioritizing prediction accuracy (100% weight)
2025-07-18 17:28:15.987 | INFO     | info                           |    🏆🏆🏆🏆 New Hall of Fame Champion on SCIENTIST (Accuracy-focused)! Cell 6040f60e with fitness 0.7267🏆🏆🏆🏆
2025-07-18 17:28:15.990 | INFO     | info                           | 
📈 Phase 2: Metrics and Stress Detection
2025-07-18 17:28:16.039 | INFO     | info                           |    Evaluated 64 cells using 'calculate_speed_fitness':
2025-07-18 17:28:16.040 | INFO     | info                           |       • Raw Accuracy Metrics: Avg=0.573, Best=0.767
2025-07-18 17:28:16.040 | INFO     | info                           |       • Inference Time: Avg=46.48ms, Best=19.00ms
2025-07-18 17:28:16.040 | INFO     | info                           |       • Speed Focus: Prioritizing inference time (90% weight)
2025-07-18 17:28:16.041 | INFO     | info                           |    🏆🏆🏆🏆 New Hall of Fame Champion on ENGINEER (Speed-focused)! Cell af8998e2 with fitness 0.0767🏆🏆🏆🏆
2025-07-18 17:28:16.042 | INFO     | info                           | 
📈 Phase 2: Metrics and Stress Detection
2025-07-18 17:28:16.111 | INFO     | info                           |    [1m📊 Metrics:[0m [36m💪 Fitness: 0.575 ± 0.007[0m, [35m🌿 Diversity: 4.824[0m, [33m🧬 Genes: 158[0m
2025-07-18 17:28:16.111 | INFO     | info                           |    Stress factors: stagnation=N/A, diversity=0.00, variance=0.01, phase=0.00
2025-07-18 17:28:16.112 | INFO     | info                           |    Combined amplified stress: 0.009
2025-07-18 17:28:16.112 | INFO     | info                           |    Current stress level: 0.009
2025-07-18 17:28:16.112 | INFO     | info                           | 
🔍🔍  Phase 3: Phase Transition Analysis  🔍🔍
2025-07-18 17:28:16.115 | INFO     | info                           | 
🧬🧬 Phase 5: Selection and Reproduction (Optimized) 🧬🧬
2025-07-18 17:28:16.115 | INFO     | info                           |    Selection complete: 44 survivors, 20 to be replaced.
2025-07-18 17:28:16.160 | INFO     | info                           |    [1m📊 Metrics:[0m [36m💪 Fitness: 0.053 ± 0.001[0m, [35m🌿 Diversity: 4.817[0m, [33m🧬 Genes: 158[0m
2025-07-18 17:28:16.161 | INFO     | info                           |    Stress factors: stagnation=N/A, diversity=0.00, variance=0.00, phase=0.00
2025-07-18 17:28:16.164 | INFO     | info                           |    Combined amplified stress: 0.001
2025-07-18 17:28:16.164 | INFO     | info                           |    Current stress level: 0.001
2025-07-18 17:28:16.164 | INFO     | info                           | 
🔍🔍  Phase 3: Phase Transition Analysis  🔍🔍
2025-07-18 17:28:16.166 | INFO     | info                           | 
🧬🧬 Phase 5: Selection and Reproduction (Optimized) 🧬🧬
2025-07-18 17:28:16.166 | INFO     | info                           |    Selection complete: 44 survivors, 20 to be replaced.
2025-07-18 17:28:17.952 | INFO     | info                           |    Replaced 20 cells with optimized cloning.
2025-07-18 17:28:18.021 | INFO     | info                           |    Replaced 20 cells with optimized cloning.
2025-07-18 17:28:20.950 | INFO     | info                           |    New population size: 96
2025-07-18 17:28:20.951 | INFO     | info                           |    - Parallel batch cache cleared.
2025-07-18 17:28:20.953 | INFO     | info                           | 
⏱️  Generation 1 completed in 103.67s. Population: 96
2025-07-18 17:28:21.085 | INFO     | info                           |    New population size: 96
2025-07-18 17:28:21.086 | INFO     | info                           |    - Parallel batch cache cleared.
2025-07-18 17:28:21.086 | INFO     | info                           | 
⏱️  Generation 1 completed in 103.81s. Population: 96
2025-07-18 17:28:21.599 | INFO     | info                           | write_visualization_state completed successfully
2025-07-18 17:28:21.600 | INFO     | info                           | 
   🧪 Island 'SCIENTIST (Accuracy-focused)' completed:
2025-07-18 17:28:21.601 | INFO     | info                           |       • Mean Fitness: 0.575
2025-07-18 17:28:21.602 | INFO     | info                           |       • Champion Fitness: 0.727
2025-07-18 17:28:21.602 | INFO     | info                           |       • Focus Metric (Accuracy): Population optimizing for prediction accuracy
2025-07-18 17:28:21.676 | INFO     | info                           | write_visualization_state completed successfully
2025-07-18 17:28:21.677 | INFO     | info                           | 
   ⚡ Island 'ENGINEER (Speed-focused)' completed:
2025-07-18 17:28:21.677 | INFO     | info                           |       • Mean Fitness: 0.053
2025-07-18 17:28:21.677 | INFO     | info                           |       • Champion Fitness: 0.077
2025-07-18 17:28:21.677 | INFO     | info                           |       • Focus Metric (Speed): Population optimizing for minimal inference time
2025-07-18 17:28:21.751 | INFO     | info                           |    Evaluated 64 cells using 'calculate_balanced_fitness':
2025-07-18 17:28:21.751 | INFO     | info                           |       • Raw Accuracy Metrics: Avg=0.561, Best=0.738
2025-07-18 17:28:21.751 | INFO     | info                           |       • Inference Time: Avg=49.27ms, Best=20.21ms
2025-07-18 17:28:21.751 | INFO     | info                           |       • Balanced Focus: 60% accuracy, 40% speed
2025-07-18 17:28:21.752 | INFO     | info                           |    🏆🏆🏆🏆 New Hall of Fame Champion on GENERALIST (Balanced)! Cell e6900a5a with fitness 0.4431🏆🏆🏆🏆
2025-07-18 17:28:21.752 | INFO     | info                           | 
📈 Phase 2: Metrics and Stress Detection
2025-07-18 17:28:21.788 | INFO     | info                           |    [1m📊 Metrics:[0m [36m💪 Fitness: 0.326 ± 0.004[0m, [35m🌿 Diversity: 4.788[0m, [33m🧬 Genes: 157[0m
2025-07-18 17:28:21.788 | INFO     | info                           |    Stress factors: stagnation=N/A, diversity=0.00, variance=0.01, phase=0.00
2025-07-18 17:28:21.789 | INFO     | info                           |    Combined amplified stress: 0.005
2025-07-18 17:28:21.789 | INFO     | info                           |    Current stress level: 0.005
2025-07-18 17:28:21.789 | INFO     | info                           | 
🔍🔍  Phase 3: Phase Transition Analysis  🔍🔍
2025-07-18 17:28:21.790 | INFO     | info                           | 
🧬🧬 Phase 5: Selection and Reproduction (Optimized) 🧬🧬
2025-07-18 17:28:21.790 | INFO     | info                           |    Selection complete: 44 survivors, 20 to be replaced.
2025-07-18 17:28:23.648 | INFO     | info                           |    Replaced 20 cells with optimized cloning.
2025-07-18 17:28:24.947 | INFO     | info                           |    New population size: 96
2025-07-18 17:28:24.948 | INFO     | info                           |    - Parallel batch cache cleared.
2025-07-18 17:28:24.949 | INFO     | info                           | 
⏱️  Generation 1 completed in 107.67s. Population: 96
2025-07-18 17:28:25.282 | INFO     | info                           | write_visualization_state completed successfully
2025-07-18 17:28:25.283 | INFO     | info                           | 
   ⚖️ Island 'GENERALIST (Balanced)' completed:
2025-07-18 17:28:25.283 | INFO     | info                           |       • Mean Fitness: 0.326
2025-07-18 17:28:25.283 | INFO     | info                           |       • Champion Fitness: 0.443
2025-07-18 17:28:25.284 | INFO     | info                           |       • Focus Metric (Balanced): Population balancing speed and accuracy
2025-07-18 17:28:25.284 | INFO     | info                           | 
   All islands have completed Generation 1.
2025-07-18 17:28:25.289 | INFO     | info                           | 
============================== ARCHIPELAGO GENERATION 2 ==============================
2025-07-18 17:28:25.289 | INFO     | info                           |    🧪 Submitting task for 'SCIENTIST (Accuracy-focused)' Island on cuda:0...
2025-07-18 17:28:25.289 | INFO     | info                           |    ⚡ Submitting task for 'ENGINEER (Speed-focused)' Island on cuda:0...
2025-07-18 17:28:25.290 | INFO     | info                           |    ⚖️ Submitting task for 'GENERALIST (Balanced)' Island on cuda:0...
2025-07-18 17:28:25.290 | INFO     | info                           |    All island tasks submitted. Waiting for completion...
2025-07-18 17:28:25.307 | INFO     | info                           | 
================================================================================
2025-07-18 17:28:25.307 | INFO     | info                           | 
================================================================================
2025-07-18 17:28:25.307 | INFO     | info                           | 
================================================================================
2025-07-18 17:28:25.307 | INFO     | info                           | GENERATION 2 on cuda:0 [⚡ ENGINEER (Speed-focused)]
2025-07-18 17:28:25.307 | INFO     | info                           | GENERATION 2 on cuda:0 [⚖️ GENERALIST (Balanced)]
2025-07-18 17:28:25.307 | INFO     | info                           | GENERATION 2 on cuda:0 [🧪 SCIENTIST (Accuracy-focused)]
2025-07-18 17:28:25.308 | INFO     | info                           | ================================================================================
2025-07-18 17:28:25.308 | INFO     | info                           | ================================================================================
2025-07-18 17:28:25.308 | INFO     | info                           | ================================================================================
2025-07-18 17:28:25.339 | INFO     | info                           | 
📊 Phase 1: Fitness Evaluation (Optimized)
2025-07-18 17:28:25.339 | INFO     | info                           | 
📊 Phase 1: Fitness Evaluation (Optimized)
2025-07-18 17:28:25.339 | INFO     | info                           | 
📊 Phase 1: Fitness Evaluation (Optimized)
2025-07-18 17:30:41.405 | INFO     | info                           |    Evaluated 96 cells using 'calculate_speed_fitness':
2025-07-18 17:30:41.407 | INFO     | info                           |       • Raw Accuracy Metrics: Avg=0.563, Best=0.798
2025-07-18 17:30:41.407 | INFO     | info                           |       • Inference Time: Avg=42.78ms, Best=17.49ms
2025-07-18 17:30:41.407 | INFO     | info                           |       • Speed Focus: Prioritizing inference time (90% weight)
2025-07-18 17:30:41.408 | INFO     | info                           |    🏆🏆🏆🏆 New Hall of Fame Champion on ENGINEER (Speed-focused)! Cell af8998e2 with fitness 0.0798🏆🏆🏆🏆
2025-07-18 17:30:41.410 | INFO     | info                           | 
📈 Phase 2: Metrics and Stress Detection
2025-07-18 17:30:41.556 | INFO     | info                           |    [1m📊 Metrics:[0m [36m💪 Fitness: 0.056 ± 0.000[0m, [35m🌿 Diversity: 4.668[0m, [33m🧬 Genes: 136[0m
2025-07-18 17:30:41.557 | INFO     | info                           |    Stress factors: stagnation=N/A, diversity=0.00, variance=0.00, phase=0.00
2025-07-18 17:30:41.557 | INFO     | info                           |    Combined amplified stress: 0.000
2025-07-18 17:30:41.557 | INFO     | info                           |    Current stress level: 0.000
2025-07-18 17:30:41.558 | INFO     | info                           | 
🔍🔍  Phase 3: Phase Transition Analysis  🔍🔍
2025-07-18 17:30:41.559 | INFO     | info                           | 
🧬🧬 Phase 5: Selection and Reproduction (Optimized) 🧬🧬
2025-07-18 17:30:41.560 | INFO     | info                           |    Selection complete: 67 survivors, 29 to be replaced.
2025-07-18 17:30:43.577 | INFO     | info                           |    Replaced 29 cells with optimized cloning.
2025-07-18 17:30:45.506 | INFO     | info                           |    New population size: 120
2025-07-18 17:30:45.507 | INFO     | info                           |    - Parallel batch cache cleared.
2025-07-18 17:30:45.922 | INFO     | info                           |    - Cleared CUDA memory: 9.21 -> 9.20 GB
2025-07-18 17:30:45.922 | INFO     | info                           |    - GPU utilization: 38.3%
2025-07-18 17:30:45.923 | INFO     | info                           | 
⏱️  Generation 2 completed in 140.62s. Population: 120
2025-07-18 17:30:46.691 | INFO     | info                           |    Evaluated 96 cells using 'calculate_accuracy_fitness':
2025-07-18 17:30:46.692 | INFO     | info                           |       • Raw Accuracy Metrics: Avg=0.570, Best=0.737
2025-07-18 17:30:46.692 | INFO     | info                           |       • Inference Time: Avg=44.51ms, Best=16.83ms
2025-07-18 17:30:46.692 | INFO     | info                           |       • Accuracy Focus: Prioritizing prediction accuracy (100% weight)
2025-07-18 17:30:46.693 | INFO     | info                           |    🏆🏆🏆🏆 New Hall of Fame Champion on SCIENTIST (Accuracy-focused)! Cell 9e620499 with fitness 0.7366🏆🏆🏆🏆
2025-07-18 17:30:46.693 | INFO     | info                           | 
📈 Phase 2: Metrics and Stress Detection
2025-07-18 17:30:46.769 | INFO     | info                           | write_visualization_state completed successfully
2025-07-18 17:30:46.769 | INFO     | info                           | 
   ⚡ Island 'ENGINEER (Speed-focused)' completed:
2025-07-18 17:30:46.770 | INFO     | info                           |       • Mean Fitness: 0.056
2025-07-18 17:30:46.770 | INFO     | info                           |       • Champion Fitness: 0.080
2025-07-18 17:30:46.770 | INFO     | info                           |       • Focus Metric (Speed): Population optimizing for minimal inference time
2025-07-18 17:30:46.828 | INFO     | info                           |    [1m📊 Metrics:[0m [36m💪 Fitness: 0.570 ± 0.005[0m, [35m🌿 Diversity: 4.661[0m, [33m🧬 Genes: 134[0m
2025-07-18 17:30:46.828 | INFO     | info                           |    Stress factors: stagnation=N/A, diversity=0.00, variance=0.01, phase=0.00
2025-07-18 17:30:46.828 | INFO     | info                           |    Combined amplified stress: 0.006
2025-07-18 17:30:46.829 | INFO     | info                           |    Current stress level: 0.006
2025-07-18 17:30:46.829 | INFO     | info                           | 
🔍🔍  Phase 3: Phase Transition Analysis  🔍🔍
2025-07-18 17:30:46.830 | INFO     | info                           | 
🧬🧬 Phase 5: Selection and Reproduction (Optimized) 🧬🧬
2025-07-18 17:30:46.831 | INFO     | info                           |    Selection complete: 67 survivors, 29 to be replaced.
2025-07-18 17:30:48.235 | INFO     | info                           |    Replaced 29 cells with optimized cloning.
2025-07-18 17:30:49.448 | INFO     | info                           |    New population size: 120
2025-07-18 17:30:49.448 | INFO     | info                           |    - Parallel batch cache cleared.
2025-07-18 17:30:49.868 | INFO     | info                           |    - Cleared CUDA memory: 9.80 -> 9.80 GB
2025-07-18 17:30:49.868 | INFO     | info                           |    - GPU utilization: 40.8%
2025-07-18 17:30:49.869 | INFO     | info                           | 
⏱️  Generation 2 completed in 144.56s. Population: 120
2025-07-18 17:30:50.078 | INFO     | info                           |    Evaluated 96 cells using 'calculate_balanced_fitness':
2025-07-18 17:30:50.078 | INFO     | info                           |       • Raw Accuracy Metrics: Avg=0.554, Best=0.746
2025-07-18 17:30:50.078 | INFO     | info                           |       • Inference Time: Avg=45.61ms, Best=18.13ms
2025-07-18 17:30:50.079 | INFO     | info                           |       • Balanced Focus: 60% accuracy, 40% speed
2025-07-18 17:30:50.079 | INFO     | info                           |    🏆🏆🏆🏆 New Hall of Fame Champion on GENERALIST (Balanced)! Cell af157f60 with fitness 0.4475🏆🏆🏆🏆
2025-07-18 17:30:50.080 | INFO     | info                           | 
📈 Phase 2: Metrics and Stress Detection
2025-07-18 17:30:50.185 | INFO     | info                           |    [1m📊 Metrics:[0m [36m💪 Fitness: 0.331 ± 0.003[0m, [35m🌿 Diversity: 4.604[0m, [33m🧬 Genes: 134[0m
2025-07-18 17:30:50.188 | INFO     | info                           |    Stress factors: stagnation=N/A, diversity=0.00, variance=0.01, phase=0.00
2025-07-18 17:30:50.189 | INFO     | info                           |    Combined amplified stress: 0.004
2025-07-18 17:30:50.189 | INFO     | info                           |    Current stress level: 0.004
2025-07-18 17:30:50.189 | INFO     | info                           | 
🔍🔍  Phase 3: Phase Transition Analysis  🔍🔍
2025-07-18 17:30:50.190 | INFO     | info                           | 
🧬🧬 Phase 5: Selection and Reproduction (Optimized) 🧬🧬
2025-07-18 17:30:50.191 | INFO     | info                           |    Selection complete: 67 survivors, 29 to be replaced.
2025-07-18 17:30:50.402 | INFO     | info                           | write_visualization_state completed successfully
2025-07-18 17:30:50.402 | INFO     | info                           | 
   🧪 Island 'SCIENTIST (Accuracy-focused)' completed:
2025-07-18 17:30:50.403 | INFO     | info                           |       • Mean Fitness: 0.570
2025-07-18 17:30:50.403 | INFO     | info                           |       • Champion Fitness: 0.737
2025-07-18 17:30:50.403 | INFO     | info                           |       • Focus Metric (Accuracy): Population optimizing for prediction accuracy
2025-07-18 17:30:51.476 | INFO     | info                           |    Replaced 29 cells with optimized cloning.
2025-07-18 17:30:52.620 | INFO     | info                           |    New population size: 120
2025-07-18 17:30:52.621 | INFO     | info                           |    - Parallel batch cache cleared.
2025-07-18 17:30:53.091 | INFO     | info                           |    - Cleared CUDA memory: 10.38 -> 10.38 GB
2025-07-18 17:30:53.091 | INFO     | info                           |    - GPU utilization: 43.3%
2025-07-18 17:30:53.092 | INFO     | info                           | 
⏱️  Generation 2 completed in 147.79s. Population: 120
2025-07-18 17:30:53.495 | INFO     | info                           | write_visualization_state completed successfully
2025-07-18 17:30:53.495 | INFO     | info                           | 
   ⚖️ Island 'GENERALIST (Balanced)' completed:
2025-07-18 17:30:53.496 | INFO     | info                           |       • Mean Fitness: 0.331
2025-07-18 17:30:53.496 | INFO     | info                           |       • Champion Fitness: 0.447
2025-07-18 17:30:53.496 | INFO     | info                           |       • Focus Metric (Balanced): Population balancing speed and accuracy
2025-07-18 17:30:53.496 | INFO     | info                           | 
   All islands have completed Generation 2.
2025-07-18 17:30:53.501 | INFO     | info                           | 
============================== ARCHIPELAGO GENERATION 3 ==============================
2025-07-18 17:30:53.501 | INFO     | info                           |    🧪 Submitting task for 'SCIENTIST (Accuracy-focused)' Island on cuda:0...
2025-07-18 17:30:53.502 | INFO     | info                           |    ⚡ Submitting task for 'ENGINEER (Speed-focused)' Island on cuda:0...
2025-07-18 17:30:53.502 | INFO     | info                           |    ⚖️ Submitting task for 'GENERALIST (Balanced)' Island on cuda:0...
2025-07-18 17:30:53.502 | INFO     | info                           |    All island tasks submitted. Waiting for completion...
2025-07-18 17:30:53.522 | INFO     | info                           | 
================================================================================
2025-07-18 17:30:53.523 | INFO     | info                           | 
================================================================================
2025-07-18 17:30:53.523 | INFO     | info                           | 
================================================================================
2025-07-18 17:30:53.523 | INFO     | info                           | GENERATION 3 on cuda:0 [⚖️ GENERALIST (Balanced)]
2025-07-18 17:30:53.524 | INFO     | info                           | GENERATION 3 on cuda:0 [⚡ ENGINEER (Speed-focused)]
2025-07-18 17:30:53.525 | INFO     | info                           | GENERATION 3 on cuda:0 [🧪 SCIENTIST (Accuracy-focused)]
2025-07-18 17:30:53.525 | INFO     | info                           | ================================================================================
2025-07-18 17:30:53.525 | INFO     | info                           | ================================================================================
2025-07-18 17:30:53.525 | INFO     | info                           | ================================================================================
2025-07-18 17:30:53.551 | INFO     | info                           | 
📊 Phase 1: Fitness Evaluation (Optimized)
2025-07-18 17:30:53.551 | INFO     | info                           | 
📊 Phase 1: Fitness Evaluation (Optimized)
2025-07-18 17:30:53.551 | INFO     | info                           | 
📊 Phase 1: Fitness Evaluation (Optimized)
2025-07-18 17:33:47.655 | INFO     | info                           |    Evaluated 120 cells using 'calculate_balanced_fitness':
2025-07-18 17:33:47.658 | INFO     | info                           |       • Raw Accuracy Metrics: Avg=0.572, Best=0.763
2025-07-18 17:33:47.658 | INFO     | info                           |       • Inference Time: Avg=43.64ms, Best=22.15ms
2025-07-18 17:33:47.659 | INFO     | info                           |       • Balanced Focus: 60% accuracy, 40% speed
2025-07-18 17:33:47.659 | INFO     | info                           |    🏆🏆🏆🏆 New Hall of Fame Champion on GENERALIST (Balanced)! Cell 2af18e9a with fitness 0.4580🏆🏆🏆🏆
2025-07-18 17:33:47.661 | INFO     | info                           | 
📈 Phase 2: Metrics and Stress Detection
2025-07-18 17:33:47.830 | INFO     | info                           |    [1m📊 Metrics:[0m [36m💪 Fitness: 0.343 ± 0.002[0m, [35m🌿 Diversity: 4.473[0m, [33m🧬 Genes: 124[0m
2025-07-18 17:33:47.830 | INFO     | info                           |    Stress factors: stagnation=N/A, diversity=0.00, variance=0.00, phase=0.00
2025-07-18 17:33:47.830 | INFO     | info                           |    Combined amplified stress: 0.003
2025-07-18 17:33:47.831 | INFO     | info                           | 
🔥 DEBUG: Forcing maximum stress at Generation 3.
2025-07-18 17:33:47.831 | INFO     | info                           |    Current stress level: 1.000
2025-07-18 17:33:47.831 | INFO     | info                           | 
🔍🔍  Phase 3: Phase Transition Analysis  🔍🔍
2025-07-18 17:33:47.833 | INFO     | info                           | 
⚠️⚠️   Phase 4: High Stress Response (stress=1.000)  ⚠️ ⚠️ 
2025-07-18 17:33:47.833 | INFO     | info                           |    Executing stress response protocols:
2025-07-18 17:33:47.834 | INFO     | info                           |    • Triggering transposition cascade (budgeted)
2025-07-18 17:33:49.418 | INFO     | info                           |    Evaluated 120 cells using 'calculate_speed_fitness':
2025-07-18 17:33:49.418 | INFO     | info                           |       • Raw Accuracy Metrics: Avg=0.573, Best=0.760
2025-07-18 17:33:49.418 | INFO     | info                           |       • Inference Time: Avg=44.10ms, Best=16.69ms
2025-07-18 17:33:49.418 | INFO     | info                           |       • Speed Focus: Prioritizing inference time (90% weight)
2025-07-18 17:33:49.419 | INFO     | info                           |    🏆 Current Hall of Fame Champion on ENGINEER (Speed-focused): Cell af8998e2 with fitness 0.0798
2025-07-18 17:33:49.421 | INFO     | info                           | 
📈 Phase 2: Metrics and Stress Detection
2025-07-18 17:33:49.587 | INFO     | info                           |    [1m📊 Metrics:[0m [36m💪 Fitness: 0.057 ± 0.000[0m, [35m🌿 Diversity: 4.618[0m, [33m🧬 Genes: 131[0m
2025-07-18 17:33:49.587 | INFO     | info                           |    Stress factors: stagnation=N/A, diversity=0.00, variance=0.00, phase=0.00
2025-07-18 17:33:49.587 | INFO     | info                           |    Combined amplified stress: 0.000
2025-07-18 17:33:49.587 | INFO     | info                           | 
🔥 DEBUG: Forcing maximum stress at Generation 3.
2025-07-18 17:33:49.588 | INFO     | info                           |    Current stress level: 1.000
2025-07-18 17:33:49.588 | INFO     | info                           | 
🔍🔍  Phase 3: Phase Transition Analysis  🔍🔍
2025-07-18 17:33:49.590 | INFO     | info                           | 
⚠️⚠️   Phase 4: High Stress Response (stress=1.000)  ⚠️ ⚠️ 
2025-07-18 17:33:49.590 | INFO     | info                           |    Executing stress response protocols:
2025-07-18 17:33:49.590 | INFO     | info                           |    • Triggering transposition cascade (budgeted)
2025-07-18 17:33:52.531 | INFO     | info                           |    Evaluated 120 cells using 'calculate_accuracy_fitness':
2025-07-18 17:33:52.532 | INFO     | info                           |       • Raw Accuracy Metrics: Avg=0.593, Best=0.762
2025-07-18 17:33:52.532 | INFO     | info                           |       • Inference Time: Avg=44.92ms, Best=17.76ms
2025-07-18 17:33:52.532 | INFO     | info                           |       • Accuracy Focus: Prioritizing prediction accuracy (100% weight)
2025-07-18 17:33:52.533 | INFO     | info                           |    🏆🏆🏆🏆 New Hall of Fame Champion on SCIENTIST (Accuracy-focused)! Cell ff989372 with fitness 0.7618🏆🏆🏆🏆
2025-07-18 17:33:52.534 | INFO     | info                           | 
📈 Phase 2: Metrics and Stress Detection
2025-07-18 17:33:52.721 | INFO     | info                           |    [1m📊 Metrics:[0m [36m💪 Fitness: 0.593 ± 0.004[0m, [35m🌿 Diversity: 4.596[0m, [33m🧬 Genes: 133[0m
2025-07-18 17:33:52.722 | INFO     | info                           |    Stress factors: stagnation=N/A, diversity=0.00, variance=0.01, phase=0.00
2025-07-18 17:33:52.722 | INFO     | info                           |    Combined amplified stress: 0.005
2025-07-18 17:33:52.722 | INFO     | info                           | 
🔥 DEBUG: Forcing maximum stress at Generation 3.
2025-07-18 17:33:52.722 | INFO     | info                           |    Current stress level: 1.000
2025-07-18 17:33:52.723 | INFO     | info                           | 
🔍🔍  Phase 3: Phase Transition Analysis  🔍🔍
2025-07-18 17:33:52.724 | INFO     | info                           | 
⚠️⚠️   Phase 4: High Stress Response (stress=1.000)  ⚠️ ⚠️ 
2025-07-18 17:33:52.725 | INFO     | info                           |    Executing stress response protocols:
2025-07-18 17:33:52.725 | INFO     | info                           |    • Triggering transposition cascade (budgeted)
2025-07-18 17:34:04.441 | INFO     | info                           |      - 40/40 mutations executed. Tokens remaining: 25.0
2025-07-18 17:34:04.441 | INFO     | info                           |    • Applying epigenetic modifications
2025-07-18 17:34:04.453 | INFO     | info                           |      - 11 genes epigenetically modified.
2025-07-18 17:34:04.453 | INFO     | info                           |    • Facilitating horizontal gene transfer
2025-07-18 17:34:06.606 | INFO     | info                           |      - 50/50 mutations executed. Tokens remaining: 34.5
2025-07-18 17:34:06.606 | INFO     | info                           |    • Applying epigenetic modifications
2025-07-18 17:34:06.610 | INFO     | info                           |      - 9 genes epigenetically modified.
2025-07-18 17:34:06.610 | INFO     | info                           |    • Facilitating horizontal gene transfer
2025-07-18 17:34:11.539 | INFO     | info                           |      - 52/52 mutations executed. Tokens remaining: 28.0
2025-07-18 17:34:11.540 | INFO     | info                           |    • Applying epigenetic modifications
2025-07-18 17:34:11.544 | INFO     | info                           |      - 13 genes epigenetically modified.
2025-07-18 17:34:11.544 | INFO     | info                           |    • Facilitating horizontal gene transfer
2025-07-18 17:34:12.118 | WARNING  | warning                        | Gene 8 (D48-68e79244) on cpu, moving to cuda:0
2025-07-18 17:34:12.120 | WARNING  | warning                        | Gene 9 (D46-ad8935be) on cpu, moving to cuda:0
2025-07-18 17:34:30.134 | WARNING  | warning                        | Gene 5 (J10-b4bab7f5) on cpu, moving to cuda:0
2025-07-18 17:34:35.420 | WARNING  | warning                        | Gene 6 (V60-934bf325) on cpu, moving to cuda:0
2025-07-18 17:34:38.829 | WARNING  | warning                        | Gene 7 (V87-5725dc8c) on cpu, moving to cuda:0
2025-07-18 17:34:46.477 | INFO     | info                           |      - 0 successful gene transfers.
2025-07-18 17:34:46.478 | INFO     | info                           | 
🧬🧬 Phase 5: Selection and Reproduction (Optimized) 🧬🧬
2025-07-18 17:34:46.479 | INFO     | info                           |    Selection complete: 84 survivors, 36 to be replaced.
2025-07-18 17:34:49.478 | INFO     | info                           |    Replaced 36 cells with optimized cloning.
2025-07-18 17:34:49.478 | INFO     | info                           |    New population size: 120
2025-07-18 17:34:49.479 | INFO     | info                           |    - Parallel batch cache cleared.
2025-07-18 17:34:49.481 | INFO     | info                           | 
⏱️  Generation 3 completed in 235.96s. Population: 120
2025-07-18 17:34:49.614 | INFO     | info                           |      - 0 successful gene transfers.
2025-07-18 17:34:49.615 | INFO     | info                           | 
🧬🧬 Phase 5: Selection and Reproduction (Optimized) 🧬🧬
2025-07-18 17:34:49.615 | INFO     | info                           |    Selection complete: 84 survivors, 36 to be replaced.
2025-07-18 17:34:50.217 | INFO     | info                           | write_visualization_state completed successfully
2025-07-18 17:34:50.218 | INFO     | info                           | 
   ⚡ Island 'ENGINEER (Speed-focused)' completed:
2025-07-18 17:34:50.218 | INFO     | info                           |       • Mean Fitness: 0.057
2025-07-18 17:34:50.219 | INFO     | info                           |       • Champion Fitness: 0.080
2025-07-18 17:34:50.219 | INFO     | info                           |       • Focus Metric (Speed): Population optimizing for minimal inference time
2025-07-18 17:34:51.723 | INFO     | info                           |    Replaced 36 cells with optimized cloning.
2025-07-18 17:34:51.723 | INFO     | info                           |    New population size: 120
2025-07-18 17:34:51.724 | INFO     | info                           |    - Parallel batch cache cleared.
2025-07-18 17:34:51.726 | INFO     | info                           | 
⏱️  Generation 3 completed in 238.20s. Population: 120
2025-07-18 17:34:52.213 | INFO     | info                           | write_visualization_state completed successfully
2025-07-18 17:34:52.213 | INFO     | info                           | 
   ⚖️ Island 'GENERALIST (Balanced)' completed:
2025-07-18 17:34:52.214 | INFO     | info                           |       • Mean Fitness: 0.343
2025-07-18 17:34:52.214 | INFO     | info                           |       • Champion Fitness: 0.458
2025-07-18 17:34:52.214 | INFO     | info                           |       • Focus Metric (Balanced): Population balancing speed and accuracy
2025-07-18 17:34:53.663 | INFO     | info                           |      - 0 successful gene transfers.
2025-07-18 17:34:53.664 | INFO     | info                           | 
🧬🧬 Phase 5: Selection and Reproduction (Optimized) 🧬🧬
2025-07-18 17:34:53.664 | INFO     | info                           |    Selection complete: 84 survivors, 36 to be replaced.
2025-07-18 17:34:54.860 | INFO     | info                           |    Replaced 36 cells with optimized cloning.
2025-07-18 17:34:54.860 | INFO     | info                           |    New population size: 120
2025-07-18 17:34:54.860 | INFO     | info                           |    - Parallel batch cache cleared.
2025-07-18 17:34:54.863 | INFO     | info                           | 
⏱️  Generation 3 completed in 241.34s. Population: 120
2025-07-18 17:34:55.183 | INFO     | info                           | write_visualization_state completed successfully
2025-07-18 17:34:55.183 | INFO     | info                           | 
   🧪 Island 'SCIENTIST (Accuracy-focused)' completed:
2025-07-18 17:34:55.183 | INFO     | info                           |       • Mean Fitness: 0.593
2025-07-18 17:34:55.183 | INFO     | info                           |       • Champion Fitness: 0.762
2025-07-18 17:34:55.183 | INFO     | info                           |       • Focus Metric (Accuracy): Population optimizing for prediction accuracy
2025-07-18 17:34:55.184 | INFO     | info                           | 
   All islands have completed Generation 3.
2025-07-18 17:34:55.184 | INFO     | info                           | 
========================= 🏆 ARCHIPELAGO BREEDING SUMMIT at Generation 3 🏆 =========================
2025-07-18 17:34:55.184 | INFO     | info                           |    🧪 SCIENTIST (Accuracy-focused) Champion: Cell ff989372 (Fitness: 0.7618) on cuda:0
2025-07-18 17:34:55.184 | INFO     | info                           |    ⚡ ENGINEER (Speed-focused) Champion: Cell af8998e2 (Fitness: 0.0798) on cuda:0
2025-07-18 17:34:55.184 | INFO     | info                           |    ⚖️ GENERALIST (Balanced) Champion: Cell 2af18e9a (Fitness: 0.4580) on cuda:0
2025-07-18 17:34:55.185 | INFO     | info                           | 
   Breeding Champions from 🧪 SCIENTIST (Accuracy-focused) and ⚡ ENGINEER (Speed-focused)...
2025-07-18 17:34:55.187 | INFO     | info                           |    [Breeder] Child inherits primary traits from Parent 2.
2025-07-18 17:34:55.187 | INFO     | info                           | Shutting down the Archipelago's thread pool executor...
