2025-07-16 21:06:11.439 | INFO     | __init__                       | ================================================================================
2025-07-16 21:06:11.439 | INFO     | __init__                       | TE-AI RUN INITIALIZED: 20250716_210611
2025-07-16 21:06:11.439 | INFO     | __init__                       | Log file: logs/te_ai_run_20250716_210611.log
2025-07-16 21:06:11.439 | INFO     | __init__                       | Max file size: 50.0 MB
2025-07-16 21:06:11.439 | INFO     | __init__                       | Backup files: 10
2025-07-16 21:06:11.439 | INFO     | __init__                       | ================================================================================
2025-07-16 21:06:11.439 | INFO     | _log_system_info               | SYSTEM INFORMATION:
2025-07-16 21:06:11.439 | INFO     | _log_system_info               |   Python version: 3.9.0 (default, Nov 15 2020, 14:28:56) 
[GCC 7.3.0]
2025-07-16 21:06:11.439 | INFO     | _log_system_info               |   PyTorch version: 2.5.1+cu121
2025-07-16 21:06:11.439 | INFO     | _log_system_info               |   CUDA available: True
2025-07-16 21:06:11.448 | INFO     | _log_system_info               |   CUDA device: NVIDIA GeForce RTX 3090
2025-07-16 21:06:11.449 | INFO     | _log_system_info               |   CUDA memory: 25.44 GB
2025-07-16 21:06:11.449 | INFO     | _log_system_info               | --------------------------------------------------------------------------------
2025-07-16 21:06:12.016 | WARNING  | warning                        | No metadata file found, using defaults
2025-07-16 21:06:12.016 | INFO     | info                           | Loading TCGA samples from /home/weslinux/te_ai/maia_tcga_pancan
2025-07-16 21:06:12.016 | INFO     | info                           | Loading sample 1/10
2025-07-16 21:06:12.030 | INFO     | info                           | Loaded 10 samples
2025-07-16 21:06:12.030 | INFO     | info                           | Identifying drug targets from TCGA data
2025-07-16 21:06:12.055 | INFO     | info                           | Found 3 cancer types: ['OV', 'LUSC', 'BRCA']
2025-07-16 21:06:12.064 | INFO     | info                           | Identified 20 drug targets
2025-07-16 21:06:12.064 | INFO     | info                           | Top 10 targets: ['MUT_134', 'MUT_579', 'MUT_735', 'MUT_1522', 'MUT_1902', 'MUT_2142', 'MUT_3219', 'MUT_3331', 'MUT_4793', 'MUT_5487']
2025-07-16 21:06:12.065 | INFO     | info                           | Converting 20 targets to antigens
2025-07-16 21:06:12.105 | INFO     | info                           | Successfully created 20 antigens
2025-07-16 21:06:12.165 | INFO     | info                           | 
🧬 Initializing production population with 64 cells...
2025-07-16 21:06:12.165 | INFO     | info                           |    Creating 12 dedicated stem cells...
2025-07-16 21:06:12.539 | INFO     | info                           |    Creating 52 mixed-type cells...
2025-07-16 21:06:12.617 | INFO     | info                           |    ✨✨ A Quantum Gene has emerged!  ✨✨
2025-07-16 21:06:12.643 | INFO     | info                           |    ✨✨ A Quantum Gene has emerged!  ✨✨
2025-07-16 21:06:13.027 | INFO     | info                           |    ✨✨ A Quantum Gene has emerged!  ✨✨
2025-07-16 21:06:13.257 | INFO     | info                           |    ✨✨ A Quantum Gene has emerged!  ✨✨
2025-07-16 21:06:13.313 | INFO     | info                           |    ✨✨ A Quantum Gene has emerged!  ✨✨
2025-07-16 21:06:13.341 | INFO     | info                           |    ✨✨ A Quantum Gene has emerged!  ✨✨
2025-07-16 21:06:13.367 | INFO     | info                           |    ✨✨ A Quantum Gene has emerged!  ✨✨
2025-07-16 21:06:13.471 | INFO     | info                           |    ✨✨ A Quantum Gene has emerged!  ✨✨
2025-07-16 21:06:13.902 | INFO     | info                           |    Created 50/52 mixed cells...
2025-07-16 21:06:13.952 | INFO     | info                           | ✅✅  Population initialized with 64 cells (12 stem cells + 52 mixed)  ✅✅ 
2025-07-16 21:06:13.960 | INFO     | info                           | Adding specialized drug discovery genes to population...
2025-07-16 21:06:13.961 | INFO     | info                           | Added BindingPocketGene to cell f49821d3-7647-4e39-9d96-9fa21c66169c
2025-07-16 21:06:13.963 | INFO     | info                           | Added PharmacophoreGene to cell 91fa28ac-0abc-4206-8244-4d1a175e4bec
2025-07-16 21:06:13.984 | INFO     | info                           | Added AllostericGene to cell 277da6db-b462-468b-a2f5-fc5c6a255033
2025-07-16 21:06:13.985 | INFO     | info                           | Added BindingPocketGene to cell 0345dc08-5b87-4400-8b19-b857137b4e4c
2025-07-16 21:06:13.987 | INFO     | info                           | Added PharmacophoreGene to cell 36982b71-3865-4e4f-b744-c9bc02d08f1a
2025-07-16 21:06:13.991 | INFO     | info                           | Added AllostericGene to cell 212b93ca-550b-4b42-a658-7e9f44a2e482
2025-07-16 21:06:13.992 | INFO     | info                           | Added BindingPocketGene to cell d6fa13fd-ec4b-44a7-a965-195c789cfd13
2025-07-16 21:06:13.994 | INFO     | info                           | Added PharmacophoreGene to cell d6183596-3d5b-4a88-8536-366588c6ff7f
2025-07-16 21:06:13.997 | INFO     | info                           | Added AllostericGene to cell 0f2a59a2-af12-40ba-8532-ad242ae7cbff
2025-07-16 21:06:13.998 | INFO     | info                           | Added BindingPocketGene to cell df066415-18b6-4a6d-a744-3363c74f2be1
2025-07-16 21:06:14.000 | INFO     | info                           | Added PharmacophoreGene to cell 5ae8abda-a389-4417-b975-27138244bda1
2025-07-16 21:06:14.004 | INFO     | info                           | Added AllostericGene to cell c080813b-3866-4273-9457-231b16704eb6
2025-07-16 21:06:14.005 | INFO     | info                           | Added BindingPocketGene to cell 3833b4fe-d19a-4e9d-8c87-8d2309122d53
2025-07-16 21:06:14.007 | INFO     | info                           | Added PharmacophoreGene to cell 1a89ed67-4890-4ebe-8c88-b1bb8f608ec0
2025-07-16 21:06:14.011 | INFO     | info                           | Added AllostericGene to cell a0f85013-2f94-4405-9357-9c5d5e365b4c
2025-07-16 21:06:14.012 | INFO     | info                           | Added BindingPocketGene to cell 0940e8ad-2677-4d5b-b481-4f6ae807ff90
2025-07-16 21:06:14.014 | INFO     | info                           | Added PharmacophoreGene to cell cdc8b5ed-5e4b-4f0a-ad54-bef3c6a9c972
2025-07-16 21:06:14.017 | INFO     | info                           | Added AllostericGene to cell 3fa0ce8d-ea9f-4138-bbce-f73b33c12654
2025-07-16 21:06:14.018 | INFO     | info                           | Added BindingPocketGene to cell e6860815-dee1-4c1f-9847-84888cc03038
2025-07-16 21:06:14.317 | INFO     | info                           | write_visualization_state completed successfully
2025-07-16 21:06:14.318 | INFO     | info                           | 
================================================================================
2025-07-16 21:06:14.318 | INFO     | info                           | GENERATION 1
2025-07-16 21:06:14.318 | INFO     | info                           | ================================================================================
2025-07-16 21:06:14.318 | INFO     | info                           | 
📊 Phase 1: Fitness Evaluation (Optimized)
2025-07-16 21:07:17.585 | INFO     | info                           | 
📈 Phase 2: Metrics and Stress Detection
2025-07-16 21:07:17.598 | INFO     | info                           |    [1m📊 Metrics:[0m [36m💪 Fitness: 1.068 ± 0.001[0m, [35m🌿 Diversity: 4.909[0m, [33m🧬 Genes: 176[0m
2025-07-16 21:07:17.598 | INFO     | info                           |    [1m🌱 Stem Genes:[0m Count: 6, Differentiations: 0, Avg Commitment: 0.000
2025-07-16 21:07:17.598 | INFO     | info                           |    Stress factors: stagnation=N/A, diversity=0.00, variance=0.00, phase=0.00
2025-07-16 21:07:17.598 | INFO     | info                           |    Combined amplified stress: 0.001
2025-07-16 21:07:17.598 | INFO     | info                           |    Current stress level: 0.001
2025-07-16 21:07:17.598 | INFO     | info                           | 
🔍🔍  Phase 3: Phase Transition Analysis  🔍🔍
2025-07-16 21:07:17.599 | INFO     | info                           | 
🧬🧬 Phase 5: Selection and Reproduction (Optimized) 🧬🧬
2025-07-16 21:07:17.599 | INFO     | info                           |    Selection complete: 38 survivors, 26 to be replaced.
2025-07-16 21:07:18.340 | INFO     | info                           |    Replaced 26 cells with optimized cloning.
2025-07-16 21:07:19.327 | INFO     | info                           |    New population size: 96
2025-07-16 21:07:19.327 | INFO     | info                           |    - Parallel batch cache cleared.
2025-07-16 21:07:19.327 | INFO     | info                           | 
⏱️  Generation 1 completed in 65.10s. Population: 96
2025-07-16 21:07:19.649 | INFO     | info                           | write_visualization_state completed successfully
2025-07-16 21:07:19.649 | INFO     | info                           | 
================================================================================
2025-07-16 21:07:19.649 | INFO     | info                           | GENERATION 2
2025-07-16 21:07:19.649 | INFO     | info                           | ================================================================================
2025-07-16 21:07:19.649 | INFO     | info                           | 
📊 Phase 1: Fitness Evaluation (Optimized)
