2025-07-16 23:23:13.698 | INFO     | __init__                       | ================================================================================
2025-07-16 23:23:13.698 | INFO     | __init__                       | TE-AI RUN INITIALIZED: 20250716_232313
2025-07-16 23:23:13.698 | INFO     | __init__                       | Log file: logs\te_ai_run_20250716_232313.log
2025-07-16 23:23:13.698 | INFO     | __init__                       | Max file size: 50.0 MB
2025-07-16 23:23:13.698 | INFO     | __init__                       | Backup files: 10
2025-07-16 23:23:13.698 | INFO     | __init__                       | ================================================================================
2025-07-16 23:23:13.698 | INFO     | _log_system_info               | SYSTEM INFORMATION:
2025-07-16 23:23:13.698 | INFO     | _log_system_info               |   Python version: 3.10.10 (tags/v3.10.10:aad5f6a, Feb  7 2023, 17:20:36) [MSC v.1929 64 bit (AMD64)]
2025-07-16 23:23:13.698 | INFO     | _log_system_info               |   PyTorch version: 2.5.1+cu121
2025-07-16 23:23:13.698 | INFO     | _log_system_info               |   CUDA available: True
2025-07-16 23:23:13.698 | INFO     | _log_system_info               |   CUDA device: NVIDIA GeForce RTX 3090
2025-07-16 23:23:13.698 | INFO     | _log_system_info               |   CUDA memory: 25.77 GB
2025-07-16 23:23:13.698 | INFO     | _log_system_info               | --------------------------------------------------------------------------------
2025-07-16 23:23:13.698 | INFO     | info                           | Starting TE-AI Benchmark Suite
2025-07-16 23:23:13.698 | INFO     | info                           | ============================================================
2025-07-16 23:23:13.698 | INFO     | info                           | Loading BBBP dataset...
2025-07-16 23:23:13.746 | INFO     | info                           | Loaded 2050 samples with 2048 features
2025-07-16 23:23:14.400 | INFO     | info                           | 
============================================================
2025-07-16 23:23:14.400 | INFO     | info                           | Running benchmark: BBBP
2025-07-16 23:23:14.400 | INFO     | info                           | ============================================================
2025-07-16 23:23:14.416 | INFO     | info                           | Train samples: 1640, Test samples: 410
2025-07-16 23:23:14.824 | INFO     | info                           | 
🧬 Initializing production population with 64 cells...
2025-07-16 23:23:14.824 | INFO     | info                           |    Creating 12 dedicated stem cells...
2025-07-16 23:23:15.214 | INFO     | info                           |    Creating 52 mixed-type cells...
2025-07-16 23:23:15.309 | INFO     | info                           |    ✨✨ A Quantum Gene has emerged!  ✨✨
2025-07-16 23:23:15.340 | INFO     | info                           |    ✨✨ A Quantum Gene has emerged!  ✨✨
2025-07-16 23:23:15.745 | INFO     | info                           |    ✨✨ A Quantum Gene has emerged!  ✨✨
2025-07-16 23:23:15.996 | INFO     | info                           |    ✨✨ A Quantum Gene has emerged!  ✨✨
2025-07-16 23:23:16.066 | INFO     | info                           |    ✨✨ A Quantum Gene has emerged!  ✨✨
2025-07-16 23:23:16.100 | INFO     | info                           |    ✨✨ A Quantum Gene has emerged!  ✨✨
2025-07-16 23:23:16.120 | INFO     | info                           |    ✨✨ A Quantum Gene has emerged!  ✨✨
2025-07-16 23:23:16.229 | INFO     | info                           |    ✨✨ A Quantum Gene has emerged!  ✨✨
2025-07-16 23:23:16.697 | INFO     | info                           |    Created 50/52 mixed cells...
2025-07-16 23:23:16.744 | INFO     | info                           | ✅✅  Population initialized with 64 cells (12 stem cells + 52 mixed)  ✅✅ 
2025-07-16 23:23:16.766 | INFO     | info                           | Adding specialized drug discovery genes to population...
2025-07-16 23:23:16.766 | INFO     | info                           | Added BindingPocketGene to cell 700c74d9-a806-4ed3-a0ce-40503623edec
2025-07-16 23:23:16.766 | INFO     | info                           | Added PharmacophoreGene to cell 598202f9-7e92-487a-b0b5-0db4916a96e2
2025-07-16 23:23:16.792 | INFO     | info                           | Added AllostericGene to cell 625219a4-d233-4206-b595-b304c8e4205a
2025-07-16 23:23:16.792 | INFO     | info                           | Added BindingPocketGene to cell 0a81edad-ae3e-48e5-a38a-730c8398d966
2025-07-16 23:23:16.792 | INFO     | info                           | Added PharmacophoreGene to cell 2f37ba70-8d66-4cca-81f0-86a7ae2d35f7
2025-07-16 23:23:16.807 | INFO     | info                           | Added AllostericGene to cell 022c97dc-7f20-4ff3-bb61-aab75a1042bd
2025-07-16 23:23:16.807 | INFO     | info                           | Added BindingPocketGene to cell d0dae73b-aeef-45de-bed9-01512ad7f5ed
2025-07-16 23:23:16.807 | INFO     | info                           | Added PharmacophoreGene to cell 02178240-a49c-4dcb-915b-fabbdaeee9d0
2025-07-16 23:23:16.807 | INFO     | info                           | Added AllostericGene to cell 09cd577d-ddf4-4221-af3b-7ab067c7b221
2025-07-16 23:23:16.807 | INFO     | info                           | Added BindingPocketGene to cell 4917d89d-1eb3-48a0-9568-cf111ae3396e
2025-07-16 23:23:16.807 | INFO     | info                           | Added PharmacophoreGene to cell ba663794-0d8f-4fd1-a15d-5426ed3eb693
2025-07-16 23:23:16.823 | INFO     | info                           | Added AllostericGene to cell 1def35fb-de72-4715-8b03-04f26649812f
2025-07-16 23:23:16.823 | INFO     | info                           | Added BindingPocketGene to cell 440e9249-1fa2-4d0c-949f-033e77516ffc
2025-07-16 23:23:16.823 | INFO     | info                           | Added PharmacophoreGene to cell 11a6cfa9-5103-47dc-9b6e-75846dfd8cce
2025-07-16 23:23:16.823 | INFO     | info                           | Added AllostericGene to cell b30b57a5-1c8e-4016-8ea1-af098532b22a
2025-07-16 23:23:16.838 | INFO     | info                           | Added BindingPocketGene to cell 649ea511-02ac-4f6e-81ed-a66e42f4730b
2025-07-16 23:23:16.838 | INFO     | info                           | Added PharmacophoreGene to cell b3cc4daa-adae-4304-9e60-cf777407a221
2025-07-16 23:23:16.838 | INFO     | info                           | Added AllostericGene to cell c6e67531-b011-4a0b-ac26-b345ad094ad8
2025-07-16 23:23:16.838 | INFO     | info                           | Added BindingPocketGene to cell b3d36c1f-8fb4-4648-a0ba-72ccf8439581
2025-07-16 23:23:16.838 | INFO     | info                           | 
Training Simple Neural Network...
2025-07-16 23:23:16.854 | INFO     | info                           | Epoch 0/50, Loss: 0.6938
2025-07-16 23:23:16.901 | INFO     | info                           | Epoch 10/50, Loss: 0.4979
2025-07-16 23:23:16.948 | INFO     | info                           | Epoch 20/50, Loss: 0.1383
2025-07-16 23:23:16.980 | INFO     | info                           | Epoch 30/50, Loss: 0.0109
2025-07-16 23:23:17.027 | INFO     | info                           | Epoch 40/50, Loss: 0.0015
2025-07-16 23:23:17.078 | INFO     | info                           | Results for Simple Neural Network:
2025-07-16 23:23:17.078 | INFO     | info                           |   accuracy: 0.4976
2025-07-16 23:23:17.079 | INFO     | info                           |   f1_score: 0.5118
2025-07-16 23:23:17.079 | INFO     | info                           |   roc_auc: 0.5040
2025-07-16 23:23:17.079 | INFO     | info                           |   Training time: 0.24s
2025-07-16 23:23:17.079 | INFO     | info                           |   Inference time: 0.0010s
2025-07-16 23:23:17.079 | INFO     | info                           | 
Training Random Forest...
2025-07-16 23:23:20.292 | INFO     | info                           | Results for Random Forest:
2025-07-16 23:23:20.292 | INFO     | info                           |   accuracy: 0.4902
2025-07-16 23:23:20.292 | INFO     | info                           |   f1_score: 0.5036
2025-07-16 23:23:20.292 | INFO     | info                           |   roc_auc: 0.4879
2025-07-16 23:23:20.292 | INFO     | info                           |   Training time: 3.21s
2025-07-16 23:23:20.292 | INFO     | info                           |   Inference time: 0.0000s
2025-07-16 23:23:20.292 | INFO     | info                           | 
Training TE-AI...
2025-07-16 23:23:20.308 | INFO     | info                           | Starting TE-AI evolution...
2025-07-16 23:23:20.496 | INFO     | info                           | write_visualization_state completed successfully
2025-07-16 23:23:20.496 | INFO     | info                           | 
================================================================================
2025-07-16 23:23:20.496 | INFO     | info                           | GENERATION 1
2025-07-16 23:23:20.496 | INFO     | info                           | ================================================================================
2025-07-16 23:23:20.496 | INFO     | info                           | 
📊 Phase 1: Fitness Evaluation (Optimized)
2025-07-16 23:23:48.792 | INFO     | info                           | 
📈 Phase 2: Metrics and Stress Detection
2025-07-16 23:23:48.808 | INFO     | info                           |    [1m📊 Metrics:[0m [36m💪 Fitness: 0.878 ± 0.001[0m, [35m🌿 Diversity: 4.909[0m, [33m🧬 Genes: 176[0m
2025-07-16 23:23:48.808 | INFO     | info                           |    [1m🌱 Stem Genes:[0m Count: 6, Differentiations: 0, Avg Commitment: 0.000
2025-07-16 23:23:48.808 | INFO     | info                           |    Stress factors: stagnation=N/A, diversity=0.00, variance=0.00, phase=0.00
2025-07-16 23:23:48.808 | INFO     | info                           |    Combined amplified stress: 0.001
2025-07-16 23:23:48.808 | INFO     | info                           |    Current stress level: 0.001
2025-07-16 23:23:48.808 | INFO     | info                           | 
🔍🔍  Phase 3: Phase Transition Analysis  🔍🔍
2025-07-16 23:23:48.820 | INFO     | info                           | 
🧬🧬 Phase 5: Selection and Reproduction (Optimized) 🧬🧬
2025-07-16 23:23:48.820 | INFO     | info                           |    Selection complete: 38 survivors, 26 to be replaced.
2025-07-16 23:23:49.603 | INFO     | info                           |    Replaced 26 cells with optimized cloning.
2025-07-16 23:23:50.760 | INFO     | info                           |    New population size: 96
2025-07-16 23:23:50.760 | INFO     | info                           |    - Parallel batch cache cleared.
2025-07-16 23:23:50.760 | INFO     | info                           | 
⏱️  Generation 1 completed in 30.45s. Population: 96
2025-07-16 23:23:51.076 | INFO     | info                           | write_visualization_state completed successfully
2025-07-16 23:23:51.076 | INFO     | info                           | 
================================================================================
2025-07-16 23:23:51.076 | INFO     | info                           | GENERATION 2
2025-07-16 23:23:51.076 | INFO     | info                           | ================================================================================
2025-07-16 23:23:51.079 | INFO     | info                           | 
📊 Phase 1: Fitness Evaluation (Optimized)
2025-07-16 23:24:33.713 | INFO     | info                           | 
📈 Phase 2: Metrics and Stress Detection
2025-07-16 23:24:33.759 | INFO     | info                           |    [1m📊 Metrics:[0m [36m💪 Fitness: 0.888 ± 0.000[0m, [35m🌿 Diversity: 4.679[0m, [33m🧬 Genes: 140[0m
2025-07-16 23:24:33.759 | INFO     | info                           |    [1m🌱 Stem Genes:[0m Count: 8, Differentiations: 0, Avg Commitment: 0.000
2025-07-16 23:24:33.759 | INFO     | info                           |    Stress factors: stagnation=N/A, diversity=0.00, variance=0.00, phase=0.00
2025-07-16 23:24:33.759 | INFO     | info                           |    Combined amplified stress: 0.000
2025-07-16 23:24:33.759 | INFO     | info                           |    Current stress level: 0.000
2025-07-16 23:24:33.759 | INFO     | info                           | 
🔍🔍  Phase 3: Phase Transition Analysis  🔍🔍
2025-07-16 23:24:33.768 | INFO     | info                           | 
🧬🧬 Phase 5: Selection and Reproduction (Optimized) 🧬🧬
2025-07-16 23:24:33.768 | INFO     | info                           |    Selection complete: 57 survivors, 39 to be replaced.
2025-07-16 23:24:35.085 | INFO     | info                           |    Replaced 39 cells with optimized cloning.
2025-07-16 23:24:35.933 | INFO     | info                           |    New population size: 120
2025-07-16 23:24:35.942 | INFO     | info                           |    - Parallel batch cache cleared.
2025-07-16 23:24:36.081 | INFO     | info                           |    - Cleared CUDA memory cache. Usage now: 3.77 GB
2025-07-16 23:24:36.081 | INFO     | info                           | 
⏱️  Generation 2 completed in 45.32s. Population: 120
