2025-07-18 06:51:51.696 | INFO     | __init__                       | ================================================================================
2025-07-18 06:51:51.696 | INFO     | __init__                       | TE-AI RUN INITIALIZED: 20250718_065151
2025-07-18 06:51:51.696 | INFO     | __init__                       | Log file: logs/te_ai_run_20250718_065151.log
2025-07-18 06:51:51.696 | INFO     | __init__                       | Max file size: 50.0 MB
2025-07-18 06:51:51.696 | INFO     | __init__                       | Backup files: 10
2025-07-18 06:51:51.697 | INFO     | __init__                       | ================================================================================
2025-07-18 06:51:51.698 | INFO     | _log_system_info               | SYSTEM INFORMATION:
2025-07-18 06:51:51.698 | INFO     | _log_system_info               |   Python version: 3.12.8 | packaged by Anaconda, Inc. | (main, Dec 11 2024, 16:31:09) [GCC 11.2.0]
2025-07-18 06:51:51.698 | INFO     | _log_system_info               |   PyTorch version: 2.7.1+cu126
2025-07-18 06:51:51.741 | INFO     | _log_system_info               |   CUDA available: True
2025-07-18 06:51:51.771 | INFO     | _log_system_info               |   CUDA device: NVIDIA GeForce RTX 3090
2025-07-18 06:51:51.771 | INFO     | _log_system_info               |   CUDA memory: 25.77 GB
2025-07-18 06:51:51.771 | INFO     | _log_system_info               | --------------------------------------------------------------------------------
2025-07-18 06:51:51.771 | INFO     | info                           | ============================================================
2025-07-18 06:51:51.772 | INFO     | info                           | DEEPCHEM DATASET PREPARATION SCRIPT
2025-07-18 06:51:51.772 | INFO     | info                           | ============================================================
2025-07-18 06:51:51.772 | INFO     | info                           | Attempting to download and cache the following datasets: ['bbbp', 'tox21', 'sider', 'hiv', 'bace_classification']
2025-07-18 06:51:51.772 | INFO     | info                           | DeepChem data will be stored in: /tmp
2025-07-18 06:51:51.773 | INFO     | info                           | 
--- Preparing 'bbbp' ---
2025-07-18 06:51:51.773 | ERROR    | error                          | ❌ Failed: No loader function found for 'bbbp'. Is the name correct?
2025-07-18 06:51:51.773 | INFO     | info                           | 
--- Preparing 'tox21' ---
2025-07-18 06:51:51.773 | ERROR    | error                          | ❌ Failed: No loader function found for 'tox21'. Is the name correct?
2025-07-18 06:51:51.773 | INFO     | info                           | 
--- Preparing 'sider' ---
2025-07-18 06:51:51.774 | ERROR    | error                          | ❌ Failed: No loader function found for 'sider'. Is the name correct?
2025-07-18 06:51:51.774 | INFO     | info                           | 
--- Preparing 'hiv' ---
2025-07-18 06:51:51.774 | ERROR    | error                          | ❌ Failed: No loader function found for 'hiv'. Is the name correct?
2025-07-18 06:51:51.774 | INFO     | info                           | 
--- Preparing 'bace_classification' ---
2025-07-18 06:51:51.774 | ERROR    | error                          | ❌ Failed: No loader function found for 'bace_classification'. Is the name correct?
2025-07-18 06:51:51.775 | INFO     | info                           | 
Dataset preparation complete.
2025-07-18 06:51:51.775 | INFO     | info                           | You can now run your training scripts.
