2025-07-17 08:51:29.213 | INFO     | __init__                       | ================================================================================
2025-07-17 08:51:29.213 | INFO     | __init__                       | TE-AI RUN INITIALIZED: 20250717_085129
2025-07-17 08:51:29.213 | INFO     | __init__                       | Log file: logs/te_ai_run_20250717_085129.log
2025-07-17 08:51:29.213 | INFO     | __init__                       | Max file size: 50.0 MB
2025-07-17 08:51:29.213 | INFO     | __init__                       | Backup files: 10
2025-07-17 08:51:29.213 | INFO     | __init__                       | ================================================================================
2025-07-17 08:51:29.213 | INFO     | _log_system_info               | SYSTEM INFORMATION:
2025-07-17 08:51:29.213 | INFO     | _log_system_info               |   Python version: 3.9.0 (default, Nov 15 2020, 14:28:56) 
[GCC 7.3.0]
2025-07-17 08:51:29.213 | INFO     | _log_system_info               |   PyTorch version: 2.5.1+cu121
2025-07-17 08:51:29.213 | INFO     | _log_system_info               |   CUDA available: True
2025-07-17 08:51:29.224 | INFO     | _log_system_info               |   CUDA device: NVIDIA GeForce RTX 3090
2025-07-17 08:51:29.224 | INFO     | _log_system_info               |   CUDA memory: 25.44 GB
2025-07-17 08:51:29.224 | INFO     | _log_system_info               | --------------------------------------------------------------------------------
2025-07-17 08:51:29.225 | INFO     | info                           | Starting TE-AI Benchmark Suite
2025-07-17 08:51:29.225 | INFO     | info                           | ============================================================
2025-07-17 08:51:29.225 | INFO     | info                           | Loading BBBP dataset from DeepChem...
2025-07-17 08:51:30.431 | INFO     | info                           | Loading bbbp from MoleculeNet...
2025-07-17 08:51:30.436 | INFO     | info                           | Converting 1631 molecules from DeepChem
2025-07-17 08:51:35.797 | INFO     | info                           | Successfully converted 1631 molecules
2025-07-17 08:51:35.797 | INFO     | info                           | Converting 204 molecules from DeepChem
2025-07-17 08:51:36.062 | INFO     | info                           | Successfully converted 204 molecules
2025-07-17 08:51:36.062 | INFO     | info                           | Converting 204 molecules from DeepChem
2025-07-17 08:51:36.316 | INFO     | info                           | Successfully converted 204 molecules
2025-07-17 08:51:36.316 | INFO     | info                           | Converted bbbp:
2025-07-17 08:51:36.316 | INFO     | info                           |   Train: 1631 antigens
2025-07-17 08:51:36.316 | INFO     | info                           |   Valid: 204 antigens
2025-07-17 08:51:36.316 | INFO     | info                           |   Test: 204 antigens
2025-07-17 08:51:36.329 | INFO     | info                           | Loaded BBBP:
2025-07-17 08:51:36.329 | INFO     | info                           |   Train: 1631 samples
2025-07-17 08:51:36.329 | INFO     | info                           |   Valid: 204 samples
2025-07-17 08:51:36.329 | INFO     | info                           |   Test: 204 samples
2025-07-17 08:51:36.329 | INFO     | info                           |   Tasks: ['p_np']
2025-07-17 08:51:36.343 | INFO     | info                           | 
============================================================
2025-07-17 08:51:36.344 | INFO     | info                           | Running benchmark: BBBP
2025-07-17 08:51:36.344 | INFO     | info                           | ============================================================
2025-07-17 08:51:36.346 | INFO     | info                           | Train samples: 1835, Test samples: 204
2025-07-17 08:51:36.410 | INFO     | info                           | 
🧬 Initializing production population with 64 cells...
2025-07-17 08:51:36.410 | INFO     | info                           |    Creating 12 dedicated stem cells...
2025-07-17 08:51:38.863 | INFO     | info                           |    Creating 52 mixed-type cells...
2025-07-17 08:51:39.461 | INFO     | info                           |    ✨✨ A Quantum Gene has emerged!  ✨✨
2025-07-17 08:51:39.664 | INFO     | info                           |    ✨✨ A Quantum Gene has emerged!  ✨✨
2025-07-17 08:51:42.619 | INFO     | info                           |    ✨✨ A Quantum Gene has emerged!  ✨✨
2025-07-17 08:51:44.411 | INFO     | info                           |    ✨✨ A Quantum Gene has emerged!  ✨✨
2025-07-17 08:51:44.811 | INFO     | info                           |    ✨✨ A Quantum Gene has emerged!  ✨✨
2025-07-17 08:51:45.014 | INFO     | info                           |    ✨✨ A Quantum Gene has emerged!  ✨✨
2025-07-17 08:51:45.218 | INFO     | info                           |    ✨✨ A Quantum Gene has emerged!  ✨✨
2025-07-17 08:51:46.012 | INFO     | info                           |    ✨✨ A Quantum Gene has emerged!  ✨✨
2025-07-17 08:51:48.790 | INFO     | info                           |    Created 50/52 mixed cells...
2025-07-17 08:51:49.186 | INFO     | info                           | ✅✅  Population initialized with 64 cells (12 stem cells + 52 mixed)  ✅✅ 
2025-07-17 08:51:49.298 | INFO     | info                           | Adding specialized drug discovery genes to population...
2025-07-17 08:51:49.300 | INFO     | info                           | Added BindingPocketGene to cell 64ed35dc-ebf9-4594-91af-1aa904fc8bc8
2025-07-17 08:51:49.303 | INFO     | info                           | Added PharmacophoreGene to cell 83d24cd5-7b4b-418c-b996-9f0216f583f6
2025-07-17 08:51:49.327 | INFO     | info                           | Added AllostericGene to cell b5e1c58a-368e-490e-9bc9-a8e0376b2bf7
2025-07-17 08:51:49.329 | INFO     | info                           | Added BindingPocketGene to cell b9bd9c7d-bc7c-4aae-950d-c86a747127f3
2025-07-17 08:51:49.332 | INFO     | info                           | Added PharmacophoreGene to cell de40bebd-d5b7-45d8-923c-d6374c70236f
2025-07-17 08:51:49.337 | INFO     | info                           | Added AllostericGene to cell 9fb53f0a-e089-4066-9e2e-aa92c92cc065
2025-07-17 08:51:49.339 | INFO     | info                           | Added BindingPocketGene to cell 68492c72-1e78-498b-890a-3dd387eb9727
2025-07-17 08:51:49.343 | INFO     | info                           | Added PharmacophoreGene to cell cb4ed90c-30cf-49e8-b90f-aa9ef13dd306
2025-07-17 08:51:49.347 | INFO     | info                           | Added AllostericGene to cell 99676311-5a18-4a13-9568-064a46032f51
2025-07-17 08:51:49.349 | INFO     | info                           | Added BindingPocketGene to cell fc042055-976e-484f-9c3e-74a83008e0fb
2025-07-17 08:51:49.352 | INFO     | info                           | Added PharmacophoreGene to cell e0ebb133-d734-4712-aefb-4958dcb9b21b
2025-07-17 08:51:49.358 | INFO     | info                           | Added AllostericGene to cell 44ba9a42-1257-4008-8064-cb9a4d4a2a34
2025-07-17 08:51:49.360 | INFO     | info                           | Added BindingPocketGene to cell 21befb81-0bb8-4f2a-84cb-242f9ec9ab80
2025-07-17 08:51:49.363 | INFO     | info                           | Added PharmacophoreGene to cell 40fb446d-f0af-4e0d-93a3-6aea3bed294f
2025-07-17 08:51:49.368 | INFO     | info                           | Added AllostericGene to cell 3a6ed61b-bd35-4bde-8161-2100b7faab22
2025-07-17 08:51:49.370 | INFO     | info                           | Added BindingPocketGene to cell 01f71df9-e5b1-46b6-a167-7d622fad3593
2025-07-17 08:51:49.374 | INFO     | info                           | Added PharmacophoreGene to cell 333fb596-5311-43f2-9c62-f69c469135d1
2025-07-17 08:51:49.379 | INFO     | info                           | Added AllostericGene to cell 451ddbaf-9cd3-4fa8-b980-46387d57180a
2025-07-17 08:51:49.381 | INFO     | info                           | Added BindingPocketGene to cell 7f68fa8e-bb85-444c-80ee-39c44b84811f
2025-07-17 08:51:49.383 | WARNING  | warning                        | Could not import DeepChem baselines
2025-07-17 08:51:49.384 | INFO     | info                           | 
Training Simple Neural Network...
2025-07-17 08:51:49.391 | INFO     | info                           | Epoch 0/50, Loss: 0.6720
2025-07-17 08:51:49.432 | INFO     | info                           | Epoch 10/50, Loss: 0.4929
2025-07-17 08:51:49.473 | INFO     | info                           | Epoch 20/50, Loss: 0.3258
2025-07-17 08:51:49.515 | INFO     | info                           | Epoch 30/50, Loss: 0.2027
2025-07-17 08:51:49.556 | INFO     | info                           | Epoch 40/50, Loss: 0.1272
2025-07-17 08:51:49.597 | INFO     | info                           | Results for Simple Neural Network:
2025-07-17 08:51:49.597 | INFO     | info                           |   accuracy: 0.5980
2025-07-17 08:51:49.597 | INFO     | info                           |   f1_score: 0.6894
2025-07-17 08:51:49.598 | INFO     | info                           |   roc_auc: 0.6544
2025-07-17 08:51:49.598 | INFO     | info                           |   Training time: 0.21s
2025-07-17 08:51:49.598 | INFO     | info                           |   Inference time: 0.0006s
2025-07-17 08:51:49.598 | INFO     | info                           | 
Training Random Forest...
2025-07-17 08:51:49.943 | INFO     | info                           | Results for Random Forest:
2025-07-17 08:51:49.943 | INFO     | info                           |   accuracy: 0.5686
2025-07-17 08:51:49.943 | INFO     | info                           |   f1_score: 0.6923
2025-07-17 08:51:49.943 | INFO     | info                           |   roc_auc: 0.7403
2025-07-17 08:51:49.943 | INFO     | info                           |   Training time: 0.34s
2025-07-17 08:51:49.944 | INFO     | info                           |   Inference time: 0.0051s
2025-07-17 08:51:49.944 | INFO     | info                           | 
Training TE-AI...
2025-07-17 08:51:49.944 | INFO     | info                           | Using 1835 real drug target antigens
2025-07-17 08:51:50.202 | INFO     | info                           | Starting TE-AI evolution...
2025-07-17 08:51:50.303 | INFO     | info                           | write_visualization_state completed successfully
2025-07-17 08:51:50.303 | INFO     | info                           | 
================================================================================
2025-07-17 08:51:50.303 | INFO     | info                           | GENERATION 1
2025-07-17 08:51:50.303 | INFO     | info                           | ================================================================================
2025-07-17 08:51:50.304 | INFO     | info                           | 
📊 Phase 1: Fitness Evaluation (Optimized)
2025-07-17 08:52:03.911 | INFO     | info                           | 
📈 Phase 2: Metrics and Stress Detection
2025-07-17 08:52:03.922 | INFO     | info                           |    [1m📊 Metrics:[0m [36m💪 Fitness: 0.878 ± 0.001[0m, [35m🌿 Diversity: 4.909[0m, [33m🧬 Genes: 176[0m
2025-07-17 08:52:03.922 | INFO     | info                           |    [1m🌱 Stem Genes:[0m Count: 6, Differentiations: 0, Avg Commitment: 0.000
2025-07-17 08:52:03.922 | INFO     | info                           |    Stress factors: stagnation=N/A, diversity=0.00, variance=0.00, phase=0.00
2025-07-17 08:52:03.922 | INFO     | info                           |    Combined amplified stress: 0.001
2025-07-17 08:52:03.922 | INFO     | info                           |    Current stress level: 0.001
2025-07-17 08:52:03.922 | INFO     | info                           | 
🔍🔍  Phase 3: Phase Transition Analysis  🔍🔍
2025-07-17 08:52:03.923 | INFO     | info                           | 
🧬🧬 Phase 5: Selection and Reproduction (Optimized) 🧬🧬
2025-07-17 08:52:03.923 | INFO     | info                           |    Selection complete: 38 survivors, 26 to be replaced.
2025-07-17 08:52:09.135 | INFO     | info                           |    Replaced 26 cells with optimized cloning.
2025-07-17 08:52:15.661 | INFO     | info                           |    New population size: 96
2025-07-17 08:52:15.661 | INFO     | info                           |    - Parallel batch cache cleared.
2025-07-17 08:52:15.661 | INFO     | info                           | 
⏱️  Generation 1 completed in 25.46s. Population: 96
2025-07-17 08:52:15.774 | INFO     | info                           | write_visualization_state completed successfully
2025-07-17 08:52:15.774 | INFO     | info                           | 
================================================================================
2025-07-17 08:52:15.774 | INFO     | info                           | GENERATION 2
2025-07-17 08:52:15.774 | INFO     | info                           | ================================================================================
2025-07-17 08:52:15.775 | INFO     | info                           | 
📊 Phase 1: Fitness Evaluation (Optimized)
2025-07-17 08:52:33.943 | INFO     | info                           | 
📈 Phase 2: Metrics and Stress Detection
2025-07-17 08:52:33.958 | INFO     | info                           |    [1m📊 Metrics:[0m [36m💪 Fitness: 0.890 ± 0.000[0m, [35m🌿 Diversity: 4.615[0m, [33m🧬 Genes: 132[0m
2025-07-17 08:52:33.958 | INFO     | info                           |    [1m🌱 Stem Genes:[0m Count: 12, Differentiations: 0, Avg Commitment: 0.000
2025-07-17 08:52:33.958 | INFO     | info                           |    Stress factors: stagnation=N/A, diversity=0.00, variance=0.00, phase=0.00
2025-07-17 08:52:33.958 | INFO     | info                           |    Combined amplified stress: 0.000
2025-07-17 08:52:33.958 | INFO     | info                           |    Current stress level: 0.000
2025-07-17 08:52:33.958 | INFO     | info                           | 
🔍🔍  Phase 3: Phase Transition Analysis  🔍🔍
2025-07-17 08:52:33.959 | INFO     | info                           | 
🧬🧬 Phase 5: Selection and Reproduction (Optimized) 🧬🧬
2025-07-17 08:52:33.959 | INFO     | info                           |    Selection complete: 57 survivors, 39 to be replaced.
2025-07-17 08:52:41.905 | INFO     | info                           |    Replaced 39 cells with optimized cloning.
