2025-07-16 20:29:08.388 | INFO     | __init__                       | ================================================================================
2025-07-16 20:29:08.388 | INFO     | __init__                       | TE-AI RUN INITIALIZED: 20250716_202908
2025-07-16 20:29:08.388 | INFO     | __init__                       | Log file: logs/te_ai_run_20250716_202908.log
2025-07-16 20:29:08.388 | INFO     | __init__                       | Max file size: 50.0 MB
2025-07-16 20:29:08.389 | INFO     | __init__                       | Backup files: 10
2025-07-16 20:29:08.389 | INFO     | __init__                       | ================================================================================
2025-07-16 20:29:08.389 | INFO     | _log_system_info               | SYSTEM INFORMATION:
2025-07-16 20:29:08.389 | INFO     | _log_system_info               |   Python version: 3.9.0 (default, Nov 15 2020, 14:28:56) 
[GCC 7.3.0]
2025-07-16 20:29:08.389 | INFO     | _log_system_info               |   PyTorch version: 2.5.1+cu121
2025-07-16 20:29:08.389 | INFO     | _log_system_info               |   CUDA available: True
2025-07-16 20:29:08.398 | INFO     | _log_system_info               |   CUDA device: NVIDIA GeForce RTX 3090
2025-07-16 20:29:08.398 | INFO     | _log_system_info               |   CUDA memory: 25.44 GB
2025-07-16 20:29:08.398 | INFO     | _log_system_info               | --------------------------------------------------------------------------------
2025-07-16 20:29:08.962 | WARNING  | warning                        | No metadata file found, using defaults
2025-07-16 20:29:08.962 | INFO     | info                           | Loading TCGA samples from /home/weslinux/te_ai/maia_tcga_pancan
2025-07-16 20:29:08.962 | INFO     | info                           | Loading sample 1/10
2025-07-16 20:29:08.977 | INFO     | info                           | Loaded 10 samples
2025-07-16 20:29:08.977 | INFO     | info                           | Identifying drug targets from TCGA data
2025-07-16 20:29:09.003 | INFO     | info                           | Found 3 cancer types: ['OV', 'LUSC', 'BRCA']
2025-07-16 20:29:09.012 | INFO     | info                           | Identified 20 drug targets
2025-07-16 20:29:09.012 | INFO     | info                           | Top 10 targets: ['MUT_134', 'MUT_579', 'MUT_735', 'MUT_1522', 'MUT_1902', 'MUT_2142', 'MUT_3219', 'MUT_3331', 'MUT_4793', 'MUT_5487']
2025-07-16 20:29:09.013 | INFO     | info                           | Converting 20 targets to antigens
2025-07-16 20:29:09.052 | INFO     | info                           | Successfully created 20 antigens
2025-07-16 20:29:09.110 | INFO     | info                           | 
🧬 Initializing production population with 64 cells...
2025-07-16 20:29:09.111 | INFO     | info                           |    Creating 12 dedicated stem cells...
2025-07-16 20:29:09.479 | INFO     | info                           |    Creating 52 mixed-type cells...
2025-07-16 20:29:09.555 | INFO     | info                           |    ✨✨ A Quantum Gene has emerged!  ✨✨
2025-07-16 20:29:09.581 | INFO     | info                           |    ✨✨ A Quantum Gene has emerged!  ✨✨
2025-07-16 20:29:09.962 | INFO     | info                           |    ✨✨ A Quantum Gene has emerged!  ✨✨
2025-07-16 20:29:10.187 | INFO     | info                           |    ✨✨ A Quantum Gene has emerged!  ✨✨
2025-07-16 20:29:10.240 | INFO     | info                           |    ✨✨ A Quantum Gene has emerged!  ✨✨
2025-07-16 20:29:10.268 | INFO     | info                           |    ✨✨ A Quantum Gene has emerged!  ✨✨
2025-07-16 20:29:10.295 | INFO     | info                           |    ✨✨ A Quantum Gene has emerged!  ✨✨
2025-07-16 20:29:10.402 | INFO     | info                           |    ✨✨ A Quantum Gene has emerged!  ✨✨
2025-07-16 20:29:10.827 | INFO     | info                           |    Created 50/52 mixed cells...
2025-07-16 20:29:10.878 | INFO     | info                           | ✅✅  Population initialized with 64 cells (12 stem cells + 52 mixed)  ✅✅ 
2025-07-16 20:29:10.898 | INFO     | info                           | Adding specialized drug discovery genes to population...
2025-07-16 20:29:10.899 | INFO     | info                           | Added BindingPocketGene to cell b518373a-d6a8-4dc8-b959-6afdbff84440
2025-07-16 20:29:10.901 | INFO     | info                           | Added PharmacophoreGene to cell 981656fe-e9f1-443b-bc74-57516b82ab67
2025-07-16 20:29:10.923 | INFO     | info                           | Added AllostericGene to cell 7c6f7fa9-f004-4e55-9c73-b29022cd08e3
2025-07-16 20:29:10.924 | INFO     | info                           | Added BindingPocketGene to cell 496fc0df-13dd-4b8a-8e89-e414f018b38d
2025-07-16 20:29:10.925 | INFO     | info                           | Added PharmacophoreGene to cell b76f90f7-a291-4ee0-9977-4af83b84c4fe
2025-07-16 20:29:10.928 | INFO     | info                           | Added AllostericGene to cell 439cb106-3149-4c7d-9688-5d321320174a
2025-07-16 20:29:10.929 | INFO     | info                           | Added BindingPocketGene to cell ae2f0e46-b382-4440-9ad2-505ac19f079f
2025-07-16 20:29:10.931 | INFO     | info                           | Added PharmacophoreGene to cell 56da435a-4926-43c7-82de-6dd439bf8996
2025-07-16 20:29:10.934 | INFO     | info                           | Added AllostericGene to cell 6a91bc13-8125-4525-aada-60f8ec2f724c
2025-07-16 20:29:10.935 | INFO     | info                           | Added BindingPocketGene to cell a93e7cbd-22c7-49f0-b138-8d5fe7f27b5a
2025-07-16 20:29:10.937 | INFO     | info                           | Added PharmacophoreGene to cell 232ce3d8-be20-4a7c-9389-3414a39f1e8a
2025-07-16 20:29:10.939 | INFO     | info                           | Added AllostericGene to cell f8512ba9-ae24-4754-a83c-b3a58dbee541
2025-07-16 20:29:10.941 | INFO     | info                           | Added BindingPocketGene to cell 1b94b3d1-ded1-4395-a6d2-afc3a787a85f
2025-07-16 20:29:10.942 | INFO     | info                           | Added PharmacophoreGene to cell 017ab910-e753-4c69-9402-751becab0384
2025-07-16 20:29:10.945 | INFO     | info                           | Added AllostericGene to cell 342a1e3a-7192-419f-95f4-246734ab3e0d
2025-07-16 20:29:10.946 | INFO     | info                           | Added BindingPocketGene to cell 5105bbfa-12ce-4b05-98e9-2663520c7250
2025-07-16 20:29:10.947 | INFO     | info                           | Added PharmacophoreGene to cell 1129a70c-3ba4-4fb8-8367-c75729861555
2025-07-16 20:29:10.950 | INFO     | info                           | Added AllostericGene to cell bef4e889-43b2-4796-9682-ddc961ee28b8
2025-07-16 20:29:10.951 | INFO     | info                           | Added BindingPocketGene to cell 97723d9b-2cdd-44bf-945b-e1a5a1e51918
2025-07-16 20:29:15.975 | INFO     | info                           | write_visualization_state completed successfully
2025-07-16 20:29:15.975 | INFO     | info                           | 
================================================================================
2025-07-16 20:29:15.975 | INFO     | info                           | GENERATION 1
2025-07-16 20:29:15.975 | INFO     | info                           | ================================================================================
2025-07-16 20:29:15.976 | INFO     | info                           | 
📊 Phase 1: Fitness Evaluation (Optimized)
